{"C:\\Users\\jithi\\Ecommerce-1.2.3\\frontend\\src\\App.js": {"path":"C:\\Users\\jithi\\Ecommerce-1.2.3\\frontend\\src\\App.js","statementMap":{"0":{"start":{"line":20,"column":24},"end":{"line":20,"column":56}},"1":{"start":{"line":21,"column":23},"end":{"line":21,"column":54}},"2":{"start":{"line":23,"column":2},"end":{"line":23,"column":17}},"3":{"start":{"line":24,"column":2},"end":{"line":24,"column":44}},"4":{"start":{"line":26,"column":17},"end":{"line":85,"column":3}},"5":{"start":{"line":87,"column":2},"end":{"line":87,"column":64}}},"fnMap":{"0":{"name":"App","decl":{"start":{"line":19,"column":9},"end":{"line":19,"column":12}},"loc":{"start":{"line":19,"column":15},"end":{"line":88,"column":1}},"line":19}},"branchMap":{"0":{"loc":{"start":{"line":38,"column":10},"end":{"line":79,"column":11}},"type":"cond-expr","locations":[{"start":{"line":40,"column":12},"end":{"line":47,"column":15}},{"start":{"line":48,"column":14},"end":{"line":79,"column":11}}],"line":38},"1":{"loc":{"start":{"line":38,"column":10},"end":{"line":38,"column":65}},"type":"binary-expr","locations":[{"start":{"line":38,"column":10},"end":{"line":38,"column":40}},{"start":{"line":38,"column":44},"end":{"line":38,"column":65}}],"line":38},"2":{"loc":{"start":{"line":48,"column":14},"end":{"line":79,"column":11}},"type":"cond-expr","locations":[{"start":{"line":50,"column":12},"end":{"line":67,"column":15}},{"start":{"line":70,"column":12},"end":{"line":78,"column":15}}],"line":48},"3":{"loc":{"start":{"line":51,"column":15},"end":{"line":66,"column":15}},"type":"cond-expr","locations":[{"start":{"line":52,"column":16},"end":{"line":59,"column":19}},{"start":{"line":61,"column":16},"end":{"line":65,"column":19}}],"line":51},"4":{"loc":{"start":{"line":87,"column":9},"end":{"line":87,"column":63}},"type":"cond-expr","locations":[{"start":{"line":87,"column":25},"end":{"line":87,"column":58}},{"start":{"line":87,"column":61},"end":{"line":87,"column":63}}],"line":87}},"s":{"0":0,"1":0,"2":0,"3":0,"4":0,"5":0},"f":{"0":0},"b":{"0":[0,0],"1":[0,0],"2":[0,0],"3":[0,0],"4":[0,0]}}
,"C:\\Users\\jithi\\Ecommerce-1.2.3\\frontend\\src\\app\\store.js": {"path":"C:\\Users\\jithi\\Ecommerce-1.2.3\\frontend\\src\\app\\store.js","statementMap":{"0":{"start":{"line":13,"column":19},"end":{"line":26,"column":2}}},"fnMap":{},"branchMap":{},"s":{"0":0},"f":{},"b":{}}
,"C:\\Users\\jithi\\Ecommerce-1.2.3\\frontend\\src\\assets\\index.js": {"path":"C:\\Users\\jithi\\Ecommerce-1.2.3\\frontend\\src\\assets\\index.js","statementMap":{},"fnMap":{},"branchMap":{},"s":{},"f":{},"b":{}}
,"C:\\Users\\jithi\\Ecommerce-1.2.3\\frontend\\src\\components\\RoleBasedRoute.jsx": {"path":"C:\\Users\\jithi\\Ecommerce-1.2.3\\frontend\\src\\components\\RoleBasedRoute.jsx","statementMap":{"0":{"start":{"line":7,"column":30},"end":{"line":40,"column":1}},"1":{"start":{"line":8,"column":23},"end":{"line":8,"column":54}},"2":{"start":{"line":9,"column":24},"end":{"line":9,"column":56}},"3":{"start":{"line":12,"column":2},"end":{"line":18,"column":3}},"4":{"start":{"line":13,"column":4},"end":{"line":17,"column":6}},"5":{"start":{"line":21,"column":2},"end":{"line":23,"column":3}},"6":{"start":{"line":22,"column":4},"end":{"line":22,"column":44}},"7":{"start":{"line":26,"column":25},"end":{"line":26,"column":65}},"8":{"start":{"line":29,"column":2},"end":{"line":31,"column":3}},"9":{"start":{"line":30,"column":4},"end":{"line":30,"column":62}},"10":{"start":{"line":34,"column":2},"end":{"line":36,"column":3}},"11":{"start":{"line":35,"column":4},"end":{"line":35,"column":22}},"12":{"start":{"line":39,"column":2},"end":{"line":39,"column":37}}},"fnMap":{"0":{"name":"(anonymous_0)","decl":{"start":{"line":7,"column":30},"end":{"line":7,"column":31}},"loc":{"start":{"line":7,"column":77},"end":{"line":40,"column":1}},"line":7}},"branchMap":{"0":{"loc":{"start":{"line":7,"column":47},"end":{"line":7,"column":70}},"type":"default-arg","locations":[{"start":{"line":7,"column":65},"end":{"line":7,"column":70}}],"line":7},"1":{"loc":{"start":{"line":12,"column":2},"end":{"line":18,"column":3}},"type":"if","locations":[{"start":{"line":12,"column":2},"end":{"line":18,"column":3}},{"start":{},"end":{}}],"line":12},"2":{"loc":{"start":{"line":21,"column":2},"end":{"line":23,"column":3}},"type":"if","locations":[{"start":{"line":21,"column":2},"end":{"line":23,"column":3}},{"start":{},"end":{}}],"line":21},"3":{"loc":{"start":{"line":29,"column":2},"end":{"line":31,"column":3}},"type":"if","locations":[{"start":{"line":29,"column":2},"end":{"line":31,"column":3}},{"start":{},"end":{}}],"line":29},"4":{"loc":{"start":{"line":29,"column":6},"end":{"line":29,"column":83}},"type":"binary-expr","locations":[{"start":{"line":29,"column":6},"end":{"line":29,"column":21}},{"start":{"line":29,"column":25},"end":{"line":29,"column":55}},{"start":{"line":29,"column":59},"end":{"line":29,"column":83}}],"line":29},"5":{"loc":{"start":{"line":34,"column":2},"end":{"line":36,"column":3}},"type":"if","locations":[{"start":{"line":34,"column":2},"end":{"line":36,"column":3}},{"start":{},"end":{}}],"line":34}},"s":{"0":1,"1":3,"2":3,"3":3,"4":1,"5":2,"6":1,"7":1,"8":1,"9":0,"10":1,"11":1,"12":0},"f":{"0":3},"b":{"0":[3],"1":[1,2],"2":[1,1],"3":[0,1],"4":[1,0,0],"5":[1,0]},"_coverageSchema":"1a1c01bbd47fc00a2c39e90264f33305004495a9","hash":"d2e64083523899e0674d4fbf6a0c9f28ab8979c4"}
,"C:\\Users\\jithi\\Ecommerce-1.2.3\\frontend\\src\\config\\axios.js": {"path":"C:\\Users\\jithi\\Ecommerce-1.2.3\\frontend\\src\\config\\axios.js","statementMap":{"0":{"start":{"line":4,"column":22},"end":{"line":7,"column":2}},"1":{"start":{"line":10,"column":0},"end":{"line":23,"column":2}},"2":{"start":{"line":12,"column":4},"end":{"line":16,"column":7}},"3":{"start":{"line":17,"column":4},"end":{"line":17,"column":18}},"4":{"start":{"line":20,"column":4},"end":{"line":20,"column":47}},"5":{"start":{"line":21,"column":4},"end":{"line":21,"column":33}},"6":{"start":{"line":26,"column":0},"end":{"line":43,"column":2}},"7":{"start":{"line":28,"column":4},"end":{"line":32,"column":7}},"8":{"start":{"line":33,"column":4},"end":{"line":33,"column":20}},"9":{"start":{"line":36,"column":4},"end":{"line":40,"column":15}},"10":{"start":{"line":41,"column":4},"end":{"line":41,"column":33}}},"fnMap":{"0":{"name":"(anonymous_0)","decl":{"start":{"line":11,"column":2},"end":{"line":11,"column":3}},"loc":{"start":{"line":11,"column":12},"end":{"line":18,"column":3}},"line":11},"1":{"name":"(anonymous_1)","decl":{"start":{"line":19,"column":2},"end":{"line":19,"column":3}},"loc":{"start":{"line":19,"column":11},"end":{"line":22,"column":3}},"line":19},"2":{"name":"(anonymous_2)","decl":{"start":{"line":27,"column":2},"end":{"line":27,"column":3}},"loc":{"start":{"line":27,"column":14},"end":{"line":34,"column":3}},"line":27},"3":{"name":"(anonymous_3)","decl":{"start":{"line":35,"column":2},"end":{"line":35,"column":3}},"loc":{"start":{"line":35,"column":11},"end":{"line":42,"column":3}},"line":35}},"branchMap":{"0":{"loc":{"start":{"line":6,"column":11},"end":{"line":6,"column":68}},"type":"binary-expr","locations":[{"start":{"line":6,"column":11},"end":{"line":6,"column":41}},{"start":{"line":6,"column":45},"end":{"line":6,"column":68}}],"line":6},"1":{"loc":{"start":{"line":36,"column":41},"end":{"line":40,"column":13}},"type":"cond-expr","locations":[{"start":{"line":36,"column":58},"end":{"line":40,"column":5}},{"start":{"line":40,"column":8},"end":{"line":40,"column":13}}],"line":36}},"s":{"0":1,"1":1,"2":0,"3":0,"4":0,"5":0,"6":1,"7":0,"8":0,"9":0,"10":0},"f":{"0":0,"1":0,"2":0,"3":0},"b":{"0":[1,0],"1":[0,0]},"_coverageSchema":"1a1c01bbd47fc00a2c39e90264f33305004495a9","hash":"771da763466aae42a7cd808136a5e69ae323baf8"}
,"C:\\Users\\jithi\\Ecommerce-1.2.3\\frontend\\src\\constants\\index.js": {"path":"C:\\Users\\jithi\\Ecommerce-1.2.3\\frontend\\src\\constants\\index.js","statementMap":{"0":{"start":{"line":1,"column":22},"end":{"line":1,"column":26}},"1":{"start":{"line":2,"column":19},"end":{"line":2,"column":20}},"2":{"start":{"line":3,"column":28},"end":{"line":3,"column":30}}},"fnMap":{},"branchMap":{},"s":{"0":0,"1":0,"2":0},"f":{},"b":{}}
,"C:\\Users\\jithi\\Ecommerce-1.2.3\\frontend\\src\\features\\address\\AddressApi.jsx": {"path":"C:\\Users\\jithi\\Ecommerce-1.2.3\\frontend\\src\\features\\address\\AddressApi.jsx","statementMap":{"0":{"start":{"line":3,"column":24},"end":{"line":10,"column":1}},"1":{"start":{"line":4,"column":4},"end":{"line":9,"column":5}},"2":{"start":{"line":5,"column":18},"end":{"line":5,"column":55}},"3":{"start":{"line":6,"column":8},"end":{"line":6,"column":23}},"4":{"start":{"line":8,"column":8},"end":{"line":8,"column":33}},"5":{"start":{"line":11,"column":34},"end":{"line":18,"column":1}},"6":{"start":{"line":12,"column":4},"end":{"line":17,"column":5}},"7":{"start":{"line":13,"column":18},"end":{"line":13,"column":57}},"8":{"start":{"line":14,"column":8},"end":{"line":14,"column":23}},"9":{"start":{"line":16,"column":8},"end":{"line":16,"column":33}},"10":{"start":{"line":19,"column":31},"end":{"line":26,"column":1}},"11":{"start":{"line":20,"column":4},"end":{"line":25,"column":5}},"12":{"start":{"line":21,"column":18},"end":{"line":21,"column":69}},"13":{"start":{"line":22,"column":8},"end":{"line":22,"column":23}},"14":{"start":{"line":24,"column":8},"end":{"line":24,"column":33}},"15":{"start":{"line":27,"column":31},"end":{"line":34,"column":1}},"16":{"start":{"line":28,"column":4},"end":{"line":33,"column":5}},"17":{"start":{"line":29,"column":18},"end":{"line":29,"column":55}},"18":{"start":{"line":30,"column":8},"end":{"line":30,"column":23}},"19":{"start":{"line":32,"column":8},"end":{"line":32,"column":33}}},"fnMap":{"0":{"name":"(anonymous_0)","decl":{"start":{"line":3,"column":24},"end":{"line":3,"column":25}},"loc":{"start":{"line":3,"column":40},"end":{"line":10,"column":1}},"line":3},"1":{"name":"(anonymous_1)","decl":{"start":{"line":11,"column":34},"end":{"line":11,"column":35}},"loc":{"start":{"line":11,"column":45},"end":{"line":18,"column":1}},"line":11},"2":{"name":"(anonymous_2)","decl":{"start":{"line":19,"column":31},"end":{"line":19,"column":32}},"loc":{"start":{"line":19,"column":46},"end":{"line":26,"column":1}},"line":19},"3":{"name":"(anonymous_3)","decl":{"start":{"line":27,"column":31},"end":{"line":27,"column":32}},"loc":{"start":{"line":27,"column":42},"end":{"line":34,"column":1}},"line":27}},"branchMap":{},"s":{"0":0,"1":0,"2":0,"3":0,"4":0,"5":0,"6":0,"7":0,"8":0,"9":0,"10":0,"11":0,"12":0,"13":0,"14":0,"15":0,"16":0,"17":0,"18":0,"19":0},"f":{"0":0,"1":0,"2":0,"3":0},"b":{}}
,"C:\\Users\\jithi\\Ecommerce-1.2.3\\frontend\\src\\features\\address\\AddressSlice.jsx": {"path":"C:\\Users\\jithi\\Ecommerce-1.2.3\\frontend\\src\\features\\address\\AddressSlice.jsx","statementMap":{"0":{"start":{"line":5,"column":19},"end":{"line":13,"column":1}},"1":{"start":{"line":16,"column":29},"end":{"line":19,"column":2}},"2":{"start":{"line":17,"column":25},"end":{"line":17,"column":50}},"3":{"start":{"line":18,"column":4},"end":{"line":18,"column":25}},"4":{"start":{"line":20,"column":39},"end":{"line":23,"column":2}},"5":{"start":{"line":21,"column":20},"end":{"line":21,"column":50}},"6":{"start":{"line":22,"column":4},"end":{"line":22,"column":20}},"7":{"start":{"line":24,"column":36},"end":{"line":27,"column":2}},"8":{"start":{"line":25,"column":25},"end":{"line":25,"column":52}},"9":{"start":{"line":26,"column":4},"end":{"line":26,"column":25}},"10":{"start":{"line":28,"column":36},"end":{"line":31,"column":2}},"11":{"start":{"line":29,"column":25},"end":{"line":29,"column":52}},"12":{"start":{"line":30,"column":4},"end":{"line":30,"column":25}},"13":{"start":{"line":33,"column":19},"end":{"line":101,"column":2}},"14":{"start":{"line":38,"column":12},"end":{"line":38,"column":31}},"15":{"start":{"line":41,"column":12},"end":{"line":41,"column":41}},"16":{"start":{"line":44,"column":12},"end":{"line":44,"column":44}},"17":{"start":{"line":47,"column":12},"end":{"line":47,"column":44}},"18":{"start":{"line":51,"column":8},"end":{"line":99,"column":14}},"19":{"start":{"line":53,"column":16},"end":{"line":53,"column":48}},"20":{"start":{"line":56,"column":16},"end":{"line":56,"column":50}},"21":{"start":{"line":57,"column":16},"end":{"line":57,"column":52}},"22":{"start":{"line":60,"column":16},"end":{"line":60,"column":49}},"23":{"start":{"line":61,"column":16},"end":{"line":61,"column":41}},"24":{"start":{"line":65,"column":16},"end":{"line":65,"column":38}},"25":{"start":{"line":68,"column":16},"end":{"line":68,"column":40}},"26":{"start":{"line":69,"column":16},"end":{"line":69,"column":46}},"27":{"start":{"line":72,"column":16},"end":{"line":72,"column":39}},"28":{"start":{"line":73,"column":16},"end":{"line":73,"column":41}},"29":{"start":{"line":77,"column":16},"end":{"line":77,"column":51}},"30":{"start":{"line":80,"column":16},"end":{"line":80,"column":53}},"31":{"start":{"line":81,"column":28},"end":{"line":81,"column":98}},"32":{"start":{"line":81,"column":65},"end":{"line":81,"column":97}},"33":{"start":{"line":82,"column":16},"end":{"line":82,"column":53}},"34":{"start":{"line":85,"column":16},"end":{"line":85,"column":52}},"35":{"start":{"line":86,"column":16},"end":{"line":86,"column":41}},"36":{"start":{"line":90,"column":16},"end":{"line":90,"column":51}},"37":{"start":{"line":93,"column":16},"end":{"line":93,"column":53}},"38":{"start":{"line":94,"column":16},"end":{"line":94,"column":99}},"39":{"start":{"line":94,"column":66},"end":{"line":94,"column":98}},"40":{"start":{"line":97,"column":16},"end":{"line":97,"column":52}},"41":{"start":{"line":98,"column":16},"end":{"line":98,"column":41}},"42":{"start":{"line":104,"column":33},"end":{"line":104,"column":67}},"43":{"start":{"line":104,"column":42},"end":{"line":104,"column":67}},"44":{"start":{"line":105,"column":29},"end":{"line":105,"column":66}},"45":{"start":{"line":105,"column":38},"end":{"line":105,"column":66}},"46":{"start":{"line":106,"column":33},"end":{"line":106,"column":67}},"47":{"start":{"line":106,"column":42},"end":{"line":106,"column":67}},"48":{"start":{"line":107,"column":41},"end":{"line":107,"column":83}},"49":{"start":{"line":107,"column":50},"end":{"line":107,"column":83}},"50":{"start":{"line":108,"column":36},"end":{"line":108,"column":80}},"51":{"start":{"line":108,"column":45},"end":{"line":108,"column":80}},"52":{"start":{"line":109,"column":39},"end":{"line":109,"column":86}},"53":{"start":{"line":109,"column":48},"end":{"line":109,"column":86}},"54":{"start":{"line":110,"column":39},"end":{"line":110,"column":86}},"55":{"start":{"line":110,"column":48},"end":{"line":110,"column":86}},"56":{"start":{"line":113,"column":106},"end":{"line":113,"column":126}}},"fnMap":{"0":{"name":"(anonymous_0)","decl":{"start":{"line":16,"column":72},"end":{"line":16,"column":73}},"loc":{"start":{"line":16,"column":88},"end":{"line":19,"column":1}},"line":16},"1":{"name":"(anonymous_1)","decl":{"start":{"line":20,"column":92},"end":{"line":20,"column":93}},"loc":{"start":{"line":20,"column":103},"end":{"line":23,"column":1}},"line":20},"2":{"name":"(anonymous_2)","decl":{"start":{"line":24,"column":86},"end":{"line":24,"column":87}},"loc":{"start":{"line":24,"column":97},"end":{"line":27,"column":1}},"line":24},"3":{"name":"(anonymous_3)","decl":{"start":{"line":28,"column":86},"end":{"line":28,"column":87}},"loc":{"start":{"line":28,"column":97},"end":{"line":31,"column":1}},"line":28},"4":{"name":"(anonymous_4)","decl":{"start":{"line":37,"column":27},"end":{"line":37,"column":28}},"loc":{"start":{"line":37,"column":36},"end":{"line":39,"column":9}},"line":37},"5":{"name":"(anonymous_5)","decl":{"start":{"line":40,"column":30},"end":{"line":40,"column":31}},"loc":{"start":{"line":40,"column":39},"end":{"line":42,"column":9}},"line":40},"6":{"name":"(anonymous_6)","decl":{"start":{"line":43,"column":33},"end":{"line":43,"column":34}},"loc":{"start":{"line":43,"column":42},"end":{"line":45,"column":9}},"line":43},"7":{"name":"(anonymous_7)","decl":{"start":{"line":46,"column":33},"end":{"line":46,"column":34}},"loc":{"start":{"line":46,"column":42},"end":{"line":48,"column":9}},"line":46},"8":{"name":"(anonymous_8)","decl":{"start":{"line":50,"column":18},"end":{"line":50,"column":19}},"loc":{"start":{"line":50,"column":29},"end":{"line":100,"column":5}},"line":50},"9":{"name":"(anonymous_9)","decl":{"start":{"line":52,"column":45},"end":{"line":52,"column":46}},"loc":{"start":{"line":52,"column":54},"end":{"line":54,"column":13}},"line":52},"10":{"name":"(anonymous_10)","decl":{"start":{"line":55,"column":47},"end":{"line":55,"column":48}},"loc":{"start":{"line":55,"column":63},"end":{"line":58,"column":13}},"line":55},"11":{"name":"(anonymous_11)","decl":{"start":{"line":59,"column":46},"end":{"line":59,"column":47}},"loc":{"start":{"line":59,"column":62},"end":{"line":62,"column":13}},"line":59},"12":{"name":"(anonymous_12)","decl":{"start":{"line":64,"column":55},"end":{"line":64,"column":56}},"loc":{"start":{"line":64,"column":64},"end":{"line":66,"column":13}},"line":64},"13":{"name":"(anonymous_13)","decl":{"start":{"line":67,"column":57},"end":{"line":67,"column":58}},"loc":{"start":{"line":67,"column":73},"end":{"line":70,"column":13}},"line":67},"14":{"name":"(anonymous_14)","decl":{"start":{"line":71,"column":56},"end":{"line":71,"column":57}},"loc":{"start":{"line":71,"column":72},"end":{"line":74,"column":13}},"line":71},"15":{"name":"(anonymous_15)","decl":{"start":{"line":76,"column":52},"end":{"line":76,"column":53}},"loc":{"start":{"line":76,"column":61},"end":{"line":78,"column":13}},"line":76},"16":{"name":"(anonymous_16)","decl":{"start":{"line":79,"column":54},"end":{"line":79,"column":55}},"loc":{"start":{"line":79,"column":70},"end":{"line":83,"column":13}},"line":79},"17":{"name":"(anonymous_17)","decl":{"start":{"line":81,"column":54},"end":{"line":81,"column":55}},"loc":{"start":{"line":81,"column":65},"end":{"line":81,"column":97}},"line":81},"18":{"name":"(anonymous_18)","decl":{"start":{"line":84,"column":53},"end":{"line":84,"column":54}},"loc":{"start":{"line":84,"column":69},"end":{"line":87,"column":13}},"line":84},"19":{"name":"(anonymous_19)","decl":{"start":{"line":89,"column":52},"end":{"line":89,"column":53}},"loc":{"start":{"line":89,"column":61},"end":{"line":91,"column":13}},"line":89},"20":{"name":"(anonymous_20)","decl":{"start":{"line":92,"column":54},"end":{"line":92,"column":55}},"loc":{"start":{"line":92,"column":70},"end":{"line":95,"column":13}},"line":92},"21":{"name":"(anonymous_21)","decl":{"start":{"line":94,"column":55},"end":{"line":94,"column":56}},"loc":{"start":{"line":94,"column":66},"end":{"line":94,"column":98}},"line":94},"22":{"name":"(anonymous_22)","decl":{"start":{"line":96,"column":53},"end":{"line":96,"column":54}},"loc":{"start":{"line":96,"column":69},"end":{"line":99,"column":13}},"line":96},"23":{"name":"(anonymous_23)","decl":{"start":{"line":104,"column":33},"end":{"line":104,"column":34}},"loc":{"start":{"line":104,"column":42},"end":{"line":104,"column":67}},"line":104},"24":{"name":"(anonymous_24)","decl":{"start":{"line":105,"column":29},"end":{"line":105,"column":30}},"loc":{"start":{"line":105,"column":38},"end":{"line":105,"column":66}},"line":105},"25":{"name":"(anonymous_25)","decl":{"start":{"line":106,"column":33},"end":{"line":106,"column":34}},"loc":{"start":{"line":106,"column":42},"end":{"line":106,"column":67}},"line":106},"26":{"name":"(anonymous_26)","decl":{"start":{"line":107,"column":41},"end":{"line":107,"column":42}},"loc":{"start":{"line":107,"column":50},"end":{"line":107,"column":83}},"line":107},"27":{"name":"(anonymous_27)","decl":{"start":{"line":108,"column":36},"end":{"line":108,"column":37}},"loc":{"start":{"line":108,"column":45},"end":{"line":108,"column":80}},"line":108},"28":{"name":"(anonymous_28)","decl":{"start":{"line":109,"column":39},"end":{"line":109,"column":40}},"loc":{"start":{"line":109,"column":48},"end":{"line":109,"column":86}},"line":109},"29":{"name":"(anonymous_29)","decl":{"start":{"line":110,"column":39},"end":{"line":110,"column":40}},"loc":{"start":{"line":110,"column":48},"end":{"line":110,"column":86}},"line":110}},"branchMap":{},"s":{"0":0,"1":0,"2":0,"3":0,"4":0,"5":0,"6":0,"7":0,"8":0,"9":0,"10":0,"11":0,"12":0,"13":0,"14":0,"15":0,"16":0,"17":0,"18":0,"19":0,"20":0,"21":0,"22":0,"23":0,"24":0,"25":0,"26":0,"27":0,"28":0,"29":0,"30":0,"31":0,"32":0,"33":0,"34":0,"35":0,"36":0,"37":0,"38":0,"39":0,"40":0,"41":0,"42":0,"43":0,"44":0,"45":0,"46":0,"47":0,"48":0,"49":0,"50":0,"51":0,"52":0,"53":0,"54":0,"55":0,"56":0},"f":{"0":0,"1":0,"2":0,"3":0,"4":0,"5":0,"6":0,"7":0,"8":0,"9":0,"10":0,"11":0,"12":0,"13":0,"14":0,"15":0,"16":0,"17":0,"18":0,"19":0,"20":0,"21":0,"22":0,"23":0,"24":0,"25":0,"26":0,"27":0,"28":0,"29":0},"b":{}}
,"C:\\Users\\jithi\\Ecommerce-1.2.3\\frontend\\src\\features\\address\\components\\Address.jsx": {"path":"C:\\Users\\jithi\\Ecommerce-1.2.3\\frontend\\src\\features\\address\\components\\Address.jsx","statementMap":{"0":{"start":{"line":8,"column":23},"end":{"line":119,"column":1}},"1":{"start":{"line":10,"column":16},"end":{"line":10,"column":26}},"2":{"start":{"line":11,"column":19},"end":{"line":11,"column":32}},"3":{"start":{"line":12,"column":70},"end":{"line":12,"column":79}},"4":{"start":{"line":13,"column":25},"end":{"line":13,"column":40}},"5":{"start":{"line":14,"column":28},"end":{"line":14,"column":43}},"6":{"start":{"line":15,"column":17},"end":{"line":15,"column":49}},"7":{"start":{"line":16,"column":16},"end":{"line":16,"column":48}},"8":{"start":{"line":18,"column":16},"end":{"line":18,"column":58}},"9":{"start":{"line":20,"column":30},"end":{"line":22,"column":5}},"10":{"start":{"line":21,"column":8},"end":{"line":21,"column":44}},"11":{"start":{"line":24,"column":30},"end":{"line":28,"column":5}},"12":{"start":{"line":25,"column":21},"end":{"line":25,"column":37}},"13":{"start":{"line":26,"column":8},"end":{"line":26,"column":22}},"14":{"start":{"line":27,"column":8},"end":{"line":27,"column":48}},"15":{"start":{"line":31,"column":2},"end":{"line":118,"column":3}},"16":{"start":{"line":103,"column":57},"end":{"line":103,"column":70}},"17":{"start":{"line":109,"column":59},"end":{"line":109,"column":74}},"18":{"start":{"line":109,"column":74},"end":{"line":109,"column":81}}},"fnMap":{"0":{"name":"(anonymous_0)","decl":{"start":{"line":8,"column":23},"end":{"line":8,"column":24}},"loc":{"start":{"line":8,"column":87},"end":{"line":119,"column":1}},"line":8},"1":{"name":"(anonymous_1)","decl":{"start":{"line":20,"column":30},"end":{"line":20,"column":31}},"loc":{"start":{"line":20,"column":34},"end":{"line":22,"column":5}},"line":20},"2":{"name":"(anonymous_2)","decl":{"start":{"line":24,"column":30},"end":{"line":24,"column":31}},"loc":{"start":{"line":24,"column":38},"end":{"line":28,"column":5}},"line":24},"3":{"name":"(anonymous_3)","decl":{"start":{"line":103,"column":53},"end":{"line":103,"column":54}},"loc":{"start":{"line":103,"column":57},"end":{"line":103,"column":70}},"line":103},"4":{"name":"(anonymous_4)","decl":{"start":{"line":109,"column":54},"end":{"line":109,"column":55}},"loc":{"start":{"line":109,"column":58},"end":{"line":109,"column":82}},"line":109}},"branchMap":{"0":{"loc":{"start":{"line":32,"column":29},"end":{"line":32,"column":38}},"type":"cond-expr","locations":[{"start":{"line":32,"column":35},"end":{"line":32,"column":36}},{"start":{"line":32,"column":37},"end":{"line":32,"column":38}}],"line":32},"1":{"loc":{"start":{"line":44,"column":16},"end":{"line":94,"column":17}},"type":"cond-expr","locations":[{"start":{"line":47,"column":20},"end":{"line":84,"column":28}},{"start":{"line":86,"column":16},"end":{"line":93,"column":19}}],"line":44},"2":{"loc":{"start":{"line":98,"column":29},"end":{"line":98,"column":68}},"type":"cond-expr","locations":[{"start":{"line":98,"column":35},"end":{"line":98,"column":43}},{"start":{"line":98,"column":44},"end":{"line":98,"column":68}}],"line":98},"3":{"loc":{"start":{"line":98,"column":44},"end":{"line":98,"column":68}},"type":"cond-expr","locations":[{"start":{"line":98,"column":49},"end":{"line":98,"column":57}},{"start":{"line":98,"column":58},"end":{"line":98,"column":68}}],"line":98},"4":{"loc":{"start":{"line":98,"column":95},"end":{"line":98,"column":104}},"type":"cond-expr","locations":[{"start":{"line":98,"column":101},"end":{"line":98,"column":102}},{"start":{"line":98,"column":103},"end":{"line":98,"column":104}}],"line":98},"5":{"loc":{"start":{"line":102,"column":20},"end":{"line":103,"column":106}},"type":"cond-expr","locations":[{"start":{"line":102,"column":26},"end":{"line":102,"column":145}},{"start":{"line":103,"column":23},"end":{"line":103,"column":105}}],"line":102},"6":{"loc":{"start":{"line":108,"column":20},"end":{"line":112,"column":21}},"type":"cond-expr","locations":[{"start":{"line":109,"column":24},"end":{"line":109,"column":132}},{"start":{"line":111,"column":24},"end":{"line":111,"column":167}}],"line":108}},"s":{"0":0,"1":0,"2":0,"3":0,"4":0,"5":0,"6":0,"7":0,"8":0,"9":0,"10":0,"11":0,"12":0,"13":0,"14":0,"15":0,"16":0,"17":0,"18":0},"f":{"0":0,"1":0,"2":0,"3":0,"4":0},"b":{"0":[0,0],"1":[0,0],"2":[0,0],"3":[0,0],"4":[0,0],"5":[0,0],"6":[0,0]}}
,"C:\\Users\\jithi\\Ecommerce-1.2.3\\frontend\\src\\features\\admin\\components\\AddProduct.jsx": {"path":"C:\\Users\\jithi\\Ecommerce-1.2.3\\frontend\\src\\features\\admin\\components\\AddProduct.jsx","statementMap":{"0":{"start":{"line":11,"column":26},"end":{"line":148,"column":1}},"1":{"start":{"line":13,"column":64},"end":{"line":13,"column":73}},"2":{"start":{"line":15,"column":19},"end":{"line":15,"column":32}},"3":{"start":{"line":16,"column":17},"end":{"line":16,"column":42}},"4":{"start":{"line":17,"column":21},"end":{"line":17,"column":50}},"5":{"start":{"line":18,"column":27},"end":{"line":18,"column":62}},"6":{"start":{"line":19,"column":19},"end":{"line":19,"column":32}},"7":{"start":{"line":20,"column":16},"end":{"line":20,"column":26}},"8":{"start":{"line":21,"column":17},"end":{"line":21,"column":60}},"9":{"start":{"line":22,"column":16},"end":{"line":22,"column":58}},"10":{"start":{"line":24,"column":4},"end":{"line":33,"column":25}},"11":{"start":{"line":25,"column":8},"end":{"line":32,"column":9}},"12":{"start":{"line":26,"column":12},"end":{"line":26,"column":19}},"13":{"start":{"line":27,"column":12},"end":{"line":27,"column":46}},"14":{"start":{"line":28,"column":12},"end":{"line":28,"column":40}},"15":{"start":{"line":30,"column":13},"end":{"line":32,"column":9}},"16":{"start":{"line":31,"column":12},"end":{"line":31,"column":71}},"17":{"start":{"line":35,"column":4},"end":{"line":39,"column":9}},"18":{"start":{"line":36,"column":8},"end":{"line":38,"column":9}},"19":{"start":{"line":37,"column":12},"end":{"line":37,"column":45}},"20":{"start":{"line":41,"column":27},"end":{"line":49,"column":5}},"21":{"start":{"line":42,"column":25},"end":{"line":42,"column":91}},"22":{"start":{"line":43,"column":8},"end":{"line":43,"column":32}},"23":{"start":{"line":44,"column":8},"end":{"line":44,"column":32}},"24":{"start":{"line":45,"column":8},"end":{"line":45,"column":32}},"25":{"start":{"line":46,"column":8},"end":{"line":46,"column":32}},"26":{"start":{"line":48,"column":8},"end":{"line":48,"column":45}},"27":{"start":{"line":52,"column":2},"end":{"line":147,"column":3}},"28":{"start":{"line":73,"column":36},"end":{"line":73,"column":87}},"29":{"start":{"line":87,"column":36},"end":{"line":87,"column":93}}},"fnMap":{"0":{"name":"(anonymous_0)","decl":{"start":{"line":11,"column":26},"end":{"line":11,"column":27}},"loc":{"start":{"line":11,"column":32},"end":{"line":148,"column":1}},"line":11},"1":{"name":"(anonymous_1)","decl":{"start":{"line":24,"column":14},"end":{"line":24,"column":15}},"loc":{"start":{"line":24,"column":18},"end":{"line":33,"column":5}},"line":24},"2":{"name":"(anonymous_2)","decl":{"start":{"line":35,"column":14},"end":{"line":35,"column":15}},"loc":{"start":{"line":35,"column":18},"end":{"line":39,"column":5}},"line":35},"3":{"name":"(anonymous_3)","decl":{"start":{"line":36,"column":15},"end":{"line":36,"column":16}},"loc":{"start":{"line":36,"column":19},"end":{"line":38,"column":9}},"line":36},"4":{"name":"(anonymous_4)","decl":{"start":{"line":41,"column":27},"end":{"line":41,"column":28}},"loc":{"start":{"line":41,"column":35},"end":{"line":49,"column":5}},"line":41},"5":{"name":"(anonymous_5)","decl":{"start":{"line":72,"column":43},"end":{"line":72,"column":44}},"loc":{"start":{"line":73,"column":36},"end":{"line":73,"column":87}},"line":73},"6":{"name":"(anonymous_6)","decl":{"start":{"line":86,"column":47},"end":{"line":86,"column":48}},"loc":{"start":{"line":87,"column":36},"end":{"line":87,"column":93}},"line":87}},"branchMap":{"0":{"loc":{"start":{"line":25,"column":8},"end":{"line":32,"column":9}},"type":"if","locations":[{"start":{"line":25,"column":8},"end":{"line":32,"column":9}},{"start":{"line":30,"column":13},"end":{"line":32,"column":9}}],"line":25},"1":{"loc":{"start":{"line":30,"column":13},"end":{"line":32,"column":9}},"type":"if","locations":[{"start":{"line":30,"column":13},"end":{"line":32,"column":9}},{"start":{},"end":{}}],"line":30},"2":{"loc":{"start":{"line":56,"column":22},"end":{"line":56,"column":43}},"type":"cond-expr","locations":[{"start":{"line":56,"column":29},"end":{"line":56,"column":35}},{"start":{"line":56,"column":36},"end":{"line":56,"column":43}}],"line":56},"3":{"loc":{"start":{"line":56,"column":60},"end":{"line":56,"column":69}},"type":"cond-expr","locations":[{"start":{"line":56,"column":66},"end":{"line":56,"column":67}},{"start":{"line":56,"column":68},"end":{"line":56,"column":69}}],"line":56},"4":{"loc":{"start":{"line":108,"column":90},"end":{"line":108,"column":112}},"type":"cond-expr","locations":[{"start":{"line":108,"column":96},"end":{"line":108,"column":99}},{"start":{"line":108,"column":100},"end":{"line":108,"column":112}}],"line":108},"5":{"loc":{"start":{"line":139,"column":75},"end":{"line":139,"column":84}},"type":"cond-expr","locations":[{"start":{"line":139,"column":81},"end":{"line":139,"column":82}},{"start":{"line":139,"column":83},"end":{"line":139,"column":84}}],"line":139},"6":{"loc":{"start":{"line":140,"column":30},"end":{"line":140,"column":52}},"type":"cond-expr","locations":[{"start":{"line":140,"column":36},"end":{"line":140,"column":44}},{"start":{"line":140,"column":45},"end":{"line":140,"column":52}}],"line":140},"7":{"loc":{"start":{"line":141,"column":30},"end":{"line":141,"column":52}},"type":"cond-expr","locations":[{"start":{"line":141,"column":36},"end":{"line":141,"column":44}},{"start":{"line":141,"column":45},"end":{"line":141,"column":52}}],"line":141}},"s":{"0":0,"1":0,"2":0,"3":0,"4":0,"5":0,"6":0,"7":0,"8":0,"9":0,"10":0,"11":0,"12":0,"13":0,"14":0,"15":0,"16":0,"17":0,"18":0,"19":0,"20":0,"21":0,"22":0,"23":0,"24":0,"25":0,"26":0,"27":0,"28":0,"29":0},"f":{"0":0,"1":0,"2":0,"3":0,"4":0,"5":0,"6":0},"b":{"0":[0,0],"1":[0,0],"2":[0,0],"3":[0,0],"4":[0,0],"5":[0,0],"6":[0,0],"7":[0,0]}}
,"C:\\Users\\jithi\\Ecommerce-1.2.3\\frontend\\src\\features\\admin\\components\\AdminDashBoard.jsx": {"path":"C:\\Users\\jithi\\Ecommerce-1.2.3\\frontend\\src\\features\\admin\\components\\AdminDashBoard.jsx","statementMap":{"0":{"start":{"line":20,"column":18},"end":{"line":23,"column":1}},"1":{"start":{"line":25,"column":30},"end":{"line":221,"column":1}},"2":{"start":{"line":27,"column":31},"end":{"line":27,"column":43}},"3":{"start":{"line":28,"column":17},"end":{"line":28,"column":42}},"4":{"start":{"line":29,"column":21},"end":{"line":29,"column":50}},"5":{"start":{"line":30,"column":25},"end":{"line":30,"column":39}},"6":{"start":{"line":31,"column":25},"end":{"line":31,"column":36}},"7":{"start":{"line":32,"column":19},"end":{"line":32,"column":46}},"8":{"start":{"line":33,"column":19},"end":{"line":33,"column":32}},"9":{"start":{"line":34,"column":16},"end":{"line":34,"column":26}},"10":{"start":{"line":35,"column":16},"end":{"line":35,"column":58}},"11":{"start":{"line":36,"column":30},"end":{"line":36,"column":68}},"12":{"start":{"line":37,"column":23},"end":{"line":37,"column":61}},"13":{"start":{"line":39,"column":17},"end":{"line":39,"column":60}},"14":{"start":{"line":40,"column":16},"end":{"line":40,"column":58}},"15":{"start":{"line":41,"column":16},"end":{"line":41,"column":58}},"16":{"start":{"line":42,"column":16},"end":{"line":42,"column":58}},"17":{"start":{"line":43,"column":16},"end":{"line":43,"column":58}},"18":{"start":{"line":45,"column":4},"end":{"line":47,"column":21}},"19":{"start":{"line":46,"column":8},"end":{"line":46,"column":18}},"20":{"start":{"line":49,"column":4},"end":{"line":57,"column":26}},"21":{"start":{"line":50,"column":27},"end":{"line":50,"column":39}},"22":{"start":{"line":52,"column":8},"end":{"line":52,"column":67}},"23":{"start":{"line":53,"column":8},"end":{"line":53,"column":33}},"24":{"start":{"line":55,"column":8},"end":{"line":55,"column":50}},"25":{"start":{"line":59,"column":29},"end":{"line":68,"column":5}},"26":{"start":{"line":61,"column":24},"end":{"line":61,"column":46}},"27":{"start":{"line":63,"column":8},"end":{"line":64,"column":46}},"28":{"start":{"line":63,"column":29},"end":{"line":63,"column":58}},"29":{"start":{"line":64,"column":13},"end":{"line":64,"column":45}},"30":{"start":{"line":66,"column":28},"end":{"line":66,"column":49}},"31":{"start":{"line":67,"column":8},"end":{"line":67,"column":50}},"32":{"start":{"line":70,"column":32},"end":{"line":78,"column":5}},"33":{"start":{"line":71,"column":24},"end":{"line":71,"column":49}},"34":{"start":{"line":73,"column":8},"end":{"line":74,"column":46}},"35":{"start":{"line":73,"column":29},"end":{"line":73,"column":58}},"36":{"start":{"line":74,"column":13},"end":{"line":74,"column":45}},"37":{"start":{"line":76,"column":28},"end":{"line":76,"column":49}},"38":{"start":{"line":77,"column":8},"end":{"line":77,"column":53}},"39":{"start":{"line":80,"column":30},"end":{"line":82,"column":5}},"40":{"start":{"line":81,"column":8},"end":{"line":81,"column":51}},"41":{"start":{"line":84,"column":32},"end":{"line":86,"column":5}},"42":{"start":{"line":85,"column":8},"end":{"line":85,"column":53}},"43":{"start":{"line":88,"column":28},"end":{"line":90,"column":5}},"44":{"start":{"line":89,"column":8},"end":{"line":89,"column":33}},"45":{"start":{"line":92,"column":2},"end":{"line":220,"column":3}},"46":{"start":{"line":130,"column":32},"end":{"line":132,"column":45}},"47":{"start":{"line":151,"column":32},"end":{"line":153,"column":45}},"48":{"start":{"line":176,"column":43},"end":{"line":176,"column":66}},"49":{"start":{"line":182,"column":36},"end":{"line":182,"column":98}},"50":{"start":{"line":194,"column":20},"end":{"line":208,"column":28}},"51":{"start":{"line":202,"column":57},"end":{"line":202,"column":91}},"52":{"start":{"line":204,"column":57},"end":{"line":204,"column":89}},"53":{"start":{"line":214,"column":87},"end":{"line":214,"column":100}}},"fnMap":{"0":{"name":"(anonymous_0)","decl":{"start":{"line":25,"column":30},"end":{"line":25,"column":31}},"loc":{"start":{"line":25,"column":36},"end":{"line":221,"column":1}},"line":25},"1":{"name":"(anonymous_1)","decl":{"start":{"line":45,"column":14},"end":{"line":45,"column":15}},"loc":{"start":{"line":45,"column":18},"end":{"line":47,"column":5}},"line":45},"2":{"name":"(anonymous_2)","decl":{"start":{"line":49,"column":14},"end":{"line":49,"column":15}},"loc":{"start":{"line":49,"column":18},"end":{"line":57,"column":5}},"line":49},"3":{"name":"(anonymous_3)","decl":{"start":{"line":59,"column":29},"end":{"line":59,"column":30}},"loc":{"start":{"line":59,"column":34},"end":{"line":68,"column":5}},"line":59},"4":{"name":"(anonymous_4)","decl":{"start":{"line":70,"column":32},"end":{"line":70,"column":33}},"loc":{"start":{"line":70,"column":37},"end":{"line":78,"column":5}},"line":70},"5":{"name":"(anonymous_5)","decl":{"start":{"line":80,"column":30},"end":{"line":80,"column":31}},"loc":{"start":{"line":80,"column":43},"end":{"line":82,"column":5}},"line":80},"6":{"name":"(anonymous_6)","decl":{"start":{"line":84,"column":32},"end":{"line":84,"column":33}},"loc":{"start":{"line":84,"column":45},"end":{"line":86,"column":5}},"line":84},"7":{"name":"(anonymous_7)","decl":{"start":{"line":88,"column":28},"end":{"line":88,"column":29}},"loc":{"start":{"line":88,"column":32},"end":{"line":90,"column":5}},"line":88},"8":{"name":"(anonymous_8)","decl":{"start":{"line":129,"column":40},"end":{"line":129,"column":41}},"loc":{"start":{"line":130,"column":32},"end":{"line":132,"column":45}},"line":130},"9":{"name":"(anonymous_9)","decl":{"start":{"line":150,"column":44},"end":{"line":150,"column":45}},"loc":{"start":{"line":151,"column":32},"end":{"line":153,"column":45}},"line":151},"10":{"name":"(anonymous_10)","decl":{"start":{"line":176,"column":38},"end":{"line":176,"column":39}},"loc":{"start":{"line":176,"column":43},"end":{"line":176,"column":66}},"line":176},"11":{"name":"(anonymous_11)","decl":{"start":{"line":181,"column":48},"end":{"line":181,"column":49}},"loc":{"start":{"line":182,"column":36},"end":{"line":182,"column":98}},"line":182},"12":{"name":"(anonymous_12)","decl":{"start":{"line":193,"column":29},"end":{"line":193,"column":30}},"loc":{"start":{"line":194,"column":20},"end":{"line":208,"column":28}},"line":194},"13":{"name":"(anonymous_13)","decl":{"start":{"line":202,"column":53},"end":{"line":202,"column":54}},"loc":{"start":{"line":202,"column":57},"end":{"line":202,"column":91}},"line":202},"14":{"name":"(anonymous_14)","decl":{"start":{"line":204,"column":53},"end":{"line":204,"column":54}},"loc":{"start":{"line":204,"column":57},"end":{"line":204,"column":89}},"line":204},"15":{"name":"(anonymous_15)","decl":{"start":{"line":214,"column":77},"end":{"line":214,"column":78}},"loc":{"start":{"line":214,"column":87},"end":{"line":214,"column":100}},"line":214}},"branchMap":{"0":{"loc":{"start":{"line":63,"column":8},"end":{"line":64,"column":46}},"type":"if","locations":[{"start":{"line":63,"column":8},"end":{"line":64,"column":46}},{"start":{"line":64,"column":12},"end":{"line":64,"column":46}}],"line":63},"1":{"loc":{"start":{"line":73,"column":8},"end":{"line":74,"column":46}},"type":"if","locations":[{"start":{"line":73,"column":8},"end":{"line":74,"column":46}},{"start":{"line":74,"column":12},"end":{"line":74,"column":46}}],"line":73},"2":{"loc":{"start":{"line":95,"column":120},"end":{"line":95,"column":141}},"type":"cond-expr","locations":[{"start":{"line":95,"column":126},"end":{"line":95,"column":133}},{"start":{"line":95,"column":134},"end":{"line":95,"column":141}}],"line":95},"3":{"loc":{"start":{"line":95,"column":284},"end":{"line":95,"column":324}},"type":"cond-expr","locations":[{"start":{"line":95,"column":311},"end":{"line":95,"column":317}},{"start":{"line":95,"column":318},"end":{"line":95,"column":324}}],"line":95},"4":{"loc":{"start":{"line":164,"column":26},"end":{"line":164,"column":35}},"type":"cond-expr","locations":[{"start":{"line":164,"column":32},"end":{"line":164,"column":33}},{"start":{"line":164,"column":34},"end":{"line":164,"column":35}}],"line":164},"5":{"loc":{"start":{"line":195,"column":44},"end":{"line":195,"column":66}},"type":"cond-expr","locations":[{"start":{"line":195,"column":62},"end":{"line":195,"column":64}},{"start":{"line":195,"column":65},"end":{"line":195,"column":66}}],"line":195},"6":{"loc":{"start":{"line":198,"column":145},"end":{"line":198,"column":154}},"type":"cond-expr","locations":[{"start":{"line":198,"column":151},"end":{"line":198,"column":152}},{"start":{"line":198,"column":153},"end":{"line":198,"column":154}}],"line":198},"7":{"loc":{"start":{"line":201,"column":32},"end":{"line":205,"column":33}},"type":"cond-expr","locations":[{"start":{"line":202,"column":36},"end":{"line":202,"column":144}},{"start":{"line":204,"column":36},"end":{"line":204,"column":139}}],"line":201},"8":{"loc":{"start":{"line":213,"column":26},"end":{"line":213,"column":51}},"type":"cond-expr","locations":[{"start":{"line":213,"column":32},"end":{"line":213,"column":40}},{"start":{"line":213,"column":41},"end":{"line":213,"column":51}}],"line":213},"9":{"loc":{"start":{"line":213,"column":57},"end":{"line":213,"column":66}},"type":"cond-expr","locations":[{"start":{"line":213,"column":63},"end":{"line":213,"column":64}},{"start":{"line":213,"column":65},"end":{"line":213,"column":66}}],"line":213},"10":{"loc":{"start":{"line":213,"column":82},"end":{"line":213,"column":91}},"type":"cond-expr","locations":[{"start":{"line":213,"column":88},"end":{"line":213,"column":89}},{"start":{"line":213,"column":90},"end":{"line":213,"column":91}}],"line":213},"11":{"loc":{"start":{"line":214,"column":30},"end":{"line":214,"column":52}},"type":"cond-expr","locations":[{"start":{"line":214,"column":36},"end":{"line":214,"column":44}},{"start":{"line":214,"column":45},"end":{"line":214,"column":52}}],"line":214},"12":{"loc":{"start":{"line":215,"column":85},"end":{"line":215,"column":150}},"type":"cond-expr","locations":[{"start":{"line":215,"column":118},"end":{"line":215,"column":130}},{"start":{"line":215,"column":131},"end":{"line":215,"column":150}}],"line":215}},"s":{"0":0,"1":0,"2":0,"3":0,"4":0,"5":0,"6":0,"7":0,"8":0,"9":0,"10":0,"11":0,"12":0,"13":0,"14":0,"15":0,"16":0,"17":0,"18":0,"19":0,"20":0,"21":0,"22":0,"23":0,"24":0,"25":0,"26":0,"27":0,"28":0,"29":0,"30":0,"31":0,"32":0,"33":0,"34":0,"35":0,"36":0,"37":0,"38":0,"39":0,"40":0,"41":0,"42":0,"43":0,"44":0,"45":0,"46":0,"47":0,"48":0,"49":0,"50":0,"51":0,"52":0,"53":0},"f":{"0":0,"1":0,"2":0,"3":0,"4":0,"5":0,"6":0,"7":0,"8":0,"9":0,"10":0,"11":0,"12":0,"13":0,"14":0,"15":0},"b":{"0":[0,0],"1":[0,0],"2":[0,0],"3":[0,0],"4":[0,0],"5":[0,0],"6":[0,0],"7":[0,0],"8":[0,0],"9":[0,0],"10":[0,0],"11":[0,0],"12":[0,0]}}
,"C:\\Users\\jithi\\Ecommerce-1.2.3\\frontend\\src\\features\\admin\\components\\AdminOrders.jsx": {"path":"C:\\Users\\jithi\\Ecommerce-1.2.3\\frontend\\src\\features\\admin\\components\\AdminOrders.jsx","statementMap":{"0":{"start":{"line":20,"column":27},"end":{"line":204,"column":1}},"1":{"start":{"line":22,"column":17},"end":{"line":22,"column":30}},"2":{"start":{"line":23,"column":15},"end":{"line":23,"column":40}},"3":{"start":{"line":24,"column":33},"end":{"line":24,"column":45}},"4":{"start":{"line":25,"column":26},"end":{"line":25,"column":62}},"5":{"start":{"line":26,"column":14},"end":{"line":26,"column":24}},"6":{"start":{"line":27,"column":15},"end":{"line":27,"column":58}},"7":{"start":{"line":28,"column":15},"end":{"line":28,"column":58}},"8":{"start":{"line":29,"column":14},"end":{"line":29,"column":56}},"9":{"start":{"line":30,"column":14},"end":{"line":30,"column":56}},"10":{"start":{"line":32,"column":57},"end":{"line":32,"column":66}},"11":{"start":{"line":34,"column":2},"end":{"line":36,"column":15}},"12":{"start":{"line":35,"column":4},"end":{"line":35,"column":33}},"13":{"start":{"line":39,"column":2},"end":{"line":46,"column":24}},"14":{"start":{"line":40,"column":4},"end":{"line":45,"column":5}},"15":{"start":{"line":41,"column":6},"end":{"line":41,"column":37}},"16":{"start":{"line":43,"column":9},"end":{"line":45,"column":5}},"17":{"start":{"line":44,"column":6},"end":{"line":44,"column":48}},"18":{"start":{"line":48,"column":2},"end":{"line":52,"column":7}},"19":{"start":{"line":49,"column":4},"end":{"line":51,"column":5}},"20":{"start":{"line":50,"column":6},"end":{"line":50,"column":40}},"21":{"start":{"line":55,"column":26},"end":{"line":59,"column":3}},"22":{"start":{"line":56,"column":17},"end":{"line":56,"column":52}},"23":{"start":{"line":57,"column":4},"end":{"line":57,"column":20}},"24":{"start":{"line":58,"column":4},"end":{"line":58,"column":42}},"25":{"start":{"line":62,"column":20},"end":{"line":62,"column":87}},"26":{"start":{"line":64,"column":23},"end":{"line":80,"column":3}},"27":{"start":{"line":65,"column":4},"end":{"line":79,"column":5}},"28":{"start":{"line":66,"column":6},"end":{"line":66,"column":48}},"29":{"start":{"line":68,"column":9},"end":{"line":79,"column":5}},"30":{"start":{"line":69,"column":6},"end":{"line":69,"column":48}},"31":{"start":{"line":71,"column":9},"end":{"line":79,"column":5}},"32":{"start":{"line":72,"column":6},"end":{"line":72,"column":48}},"33":{"start":{"line":74,"column":9},"end":{"line":79,"column":5}},"34":{"start":{"line":75,"column":6},"end":{"line":75,"column":48}},"35":{"start":{"line":77,"column":9},"end":{"line":79,"column":5}},"36":{"start":{"line":78,"column":6},"end":{"line":78,"column":48}},"37":{"start":{"line":83,"column":2},"end":{"line":203,"column":3}},"38":{"start":{"line":112,"column":18},"end":{"line":182,"column":29}},"39":{"start":{"line":119,"column":26},"end":{"line":122,"column":34}},"40":{"start":{"line":156,"column":32},"end":{"line":156,"column":76}},"41":{"start":{"line":177,"column":49},"end":{"line":177,"column":68}}},"fnMap":{"0":{"name":"(anonymous_0)","decl":{"start":{"line":20,"column":27},"end":{"line":20,"column":28}},"loc":{"start":{"line":20,"column":33},"end":{"line":204,"column":1}},"line":20},"1":{"name":"(anonymous_1)","decl":{"start":{"line":34,"column":12},"end":{"line":34,"column":13}},"loc":{"start":{"line":34,"column":16},"end":{"line":36,"column":3}},"line":34},"2":{"name":"(anonymous_2)","decl":{"start":{"line":39,"column":12},"end":{"line":39,"column":13}},"loc":{"start":{"line":39,"column":16},"end":{"line":46,"column":3}},"line":39},"3":{"name":"(anonymous_3)","decl":{"start":{"line":48,"column":12},"end":{"line":48,"column":13}},"loc":{"start":{"line":48,"column":16},"end":{"line":52,"column":3}},"line":48},"4":{"name":"(anonymous_4)","decl":{"start":{"line":49,"column":11},"end":{"line":49,"column":12}},"loc":{"start":{"line":49,"column":15},"end":{"line":51,"column":5}},"line":49},"5":{"name":"(anonymous_5)","decl":{"start":{"line":55,"column":26},"end":{"line":55,"column":27}},"loc":{"start":{"line":55,"column":34},"end":{"line":59,"column":3}},"line":55},"6":{"name":"(anonymous_6)","decl":{"start":{"line":64,"column":23},"end":{"line":64,"column":24}},"loc":{"start":{"line":64,"column":33},"end":{"line":80,"column":3}},"line":64},"7":{"name":"(anonymous_7)","decl":{"start":{"line":110,"column":44},"end":{"line":110,"column":45}},"loc":{"start":{"line":112,"column":18},"end":{"line":182,"column":29}},"line":112},"8":{"name":"(anonymous_8)","decl":{"start":{"line":118,"column":39},"end":{"line":118,"column":40}},"loc":{"start":{"line":119,"column":26},"end":{"line":122,"column":34}},"line":119},"9":{"name":"(anonymous_9)","decl":{"start":{"line":155,"column":46},"end":{"line":155,"column":47}},"loc":{"start":{"line":156,"column":32},"end":{"line":156,"column":76}},"line":156},"10":{"name":"(anonymous_10)","decl":{"start":{"line":177,"column":45},"end":{"line":177,"column":46}},"loc":{"start":{"line":177,"column":49},"end":{"line":177,"column":68}},"line":177}},"branchMap":{"0":{"loc":{"start":{"line":40,"column":4},"end":{"line":45,"column":5}},"type":"if","locations":[{"start":{"line":40,"column":4},"end":{"line":45,"column":5}},{"start":{"line":43,"column":9},"end":{"line":45,"column":5}}],"line":40},"1":{"loc":{"start":{"line":43,"column":9},"end":{"line":45,"column":5}},"type":"if","locations":[{"start":{"line":43,"column":9},"end":{"line":45,"column":5}},{"start":{},"end":{}}],"line":43},"2":{"loc":{"start":{"line":65,"column":4},"end":{"line":79,"column":5}},"type":"if","locations":[{"start":{"line":65,"column":4},"end":{"line":79,"column":5}},{"start":{"line":68,"column":9},"end":{"line":79,"column":5}}],"line":65},"3":{"loc":{"start":{"line":68,"column":9},"end":{"line":79,"column":5}},"type":"if","locations":[{"start":{"line":68,"column":9},"end":{"line":79,"column":5}},{"start":{"line":71,"column":9},"end":{"line":79,"column":5}}],"line":68},"4":{"loc":{"start":{"line":71,"column":9},"end":{"line":79,"column":5}},"type":"if","locations":[{"start":{"line":71,"column":9},"end":{"line":79,"column":5}},{"start":{"line":74,"column":9},"end":{"line":79,"column":5}}],"line":71},"5":{"loc":{"start":{"line":74,"column":9},"end":{"line":79,"column":5}},"type":"if","locations":[{"start":{"line":74,"column":9},"end":{"line":79,"column":5}},{"start":{"line":77,"column":9},"end":{"line":79,"column":5}}],"line":74},"6":{"loc":{"start":{"line":77,"column":9},"end":{"line":79,"column":5}},"type":"if","locations":[{"start":{"line":77,"column":9},"end":{"line":79,"column":5}},{"start":{},"end":{}}],"line":77},"7":{"loc":{"start":{"line":90,"column":10},"end":{"line":197,"column":18}},"type":"cond-expr","locations":[{"start":{"line":91,"column":10},"end":{"line":187,"column":27}},{"start":{"line":189,"column":10},"end":{"line":197,"column":18}}],"line":90},"8":{"loc":{"start":{"line":91,"column":37},"end":{"line":91,"column":57}},"type":"cond-expr","locations":[{"start":{"line":91,"column":44},"end":{"line":91,"column":50}},{"start":{"line":91,"column":51},"end":{"line":91,"column":57}}],"line":91},"9":{"loc":{"start":{"line":110,"column":16},"end":{"line":183,"column":18}},"type":"binary-expr","locations":[{"start":{"line":110,"column":16},"end":{"line":110,"column":29}},{"start":{"line":110,"column":33},"end":{"line":183,"column":18}}],"line":110},"10":{"loc":{"start":{"line":142,"column":26},"end":{"line":161,"column":88}},"type":"cond-expr","locations":[{"start":{"line":144,"column":24},"end":{"line":160,"column":38}},{"start":{"line":161,"column":26},"end":{"line":161,"column":88}}],"line":142},"11":{"loc":{"start":{"line":170,"column":24},"end":{"line":177,"column":102}},"type":"cond-expr","locations":[{"start":{"line":171,"column":26},"end":{"line":174,"column":35}},{"start":{"line":177,"column":24},"end":{"line":177,"column":102}}],"line":170},"12":{"loc":{"start":{"line":189,"column":24},"end":{"line":189,"column":44}},"type":"cond-expr","locations":[{"start":{"line":189,"column":30},"end":{"line":189,"column":36}},{"start":{"line":189,"column":37},"end":{"line":189,"column":44}}],"line":189}},"s":{"0":0,"1":0,"2":0,"3":0,"4":0,"5":0,"6":0,"7":0,"8":0,"9":0,"10":0,"11":0,"12":0,"13":0,"14":0,"15":0,"16":0,"17":0,"18":0,"19":0,"20":0,"21":0,"22":0,"23":0,"24":0,"25":0,"26":0,"27":0,"28":0,"29":0,"30":0,"31":0,"32":0,"33":0,"34":0,"35":0,"36":0,"37":0,"38":0,"39":0,"40":0,"41":0},"f":{"0":0,"1":0,"2":0,"3":0,"4":0,"5":0,"6":0,"7":0,"8":0,"9":0,"10":0},"b":{"0":[0,0],"1":[0,0],"2":[0,0],"3":[0,0],"4":[0,0],"5":[0,0],"6":[0,0],"7":[0,0],"8":[0,0],"9":[0,0],"10":[0,0],"11":[0,0],"12":[0,0]}}
,"C:\\Users\\jithi\\Ecommerce-1.2.3\\frontend\\src\\features\\admin\\components\\ProductUpdate.jsx": {"path":"C:\\Users\\jithi\\Ecommerce-1.2.3\\frontend\\src\\features\\admin\\components\\ProductUpdate.jsx","statementMap":{"0":{"start":{"line":11,"column":29},"end":{"line":161,"column":1}},"1":{"start":{"line":13,"column":64},"end":{"line":13,"column":73}},"2":{"start":{"line":15,"column":15},"end":{"line":15,"column":26}},"3":{"start":{"line":16,"column":19},"end":{"line":16,"column":32}},"4":{"start":{"line":17,"column":26},"end":{"line":17,"column":60}},"5":{"start":{"line":18,"column":17},"end":{"line":18,"column":42}},"6":{"start":{"line":19,"column":21},"end":{"line":19,"column":50}},"7":{"start":{"line":20,"column":30},"end":{"line":20,"column":68}},"8":{"start":{"line":21,"column":19},"end":{"line":21,"column":32}},"9":{"start":{"line":22,"column":16},"end":{"line":22,"column":26}},"10":{"start":{"line":23,"column":17},"end":{"line":23,"column":60}},"11":{"start":{"line":24,"column":16},"end":{"line":24,"column":58}},"12":{"start":{"line":27,"column":4},"end":{"line":31,"column":11}},"13":{"start":{"line":28,"column":8},"end":{"line":30,"column":9}},"14":{"start":{"line":29,"column":12},"end":{"line":29,"column":47}},"15":{"start":{"line":33,"column":4},"end":{"line":41,"column":28}},"16":{"start":{"line":34,"column":8},"end":{"line":40,"column":9}},"17":{"start":{"line":35,"column":12},"end":{"line":35,"column":44}},"18":{"start":{"line":36,"column":12},"end":{"line":36,"column":40}},"19":{"start":{"line":38,"column":13},"end":{"line":40,"column":9}},"20":{"start":{"line":39,"column":12},"end":{"line":39,"column":73}},"21":{"start":{"line":43,"column":4},"end":{"line":48,"column":9}},"22":{"start":{"line":44,"column":8},"end":{"line":47,"column":9}},"23":{"start":{"line":45,"column":12},"end":{"line":45,"column":44}},"24":{"start":{"line":46,"column":12},"end":{"line":46,"column":48}},"25":{"start":{"line":50,"column":30},"end":{"line":58,"column":5}},"26":{"start":{"line":51,"column":28},"end":{"line":51,"column":122}},"27":{"start":{"line":52,"column":8},"end":{"line":52,"column":36}},"28":{"start":{"line":53,"column":8},"end":{"line":53,"column":36}},"29":{"start":{"line":54,"column":8},"end":{"line":54,"column":36}},"30":{"start":{"line":55,"column":8},"end":{"line":55,"column":36}},"31":{"start":{"line":57,"column":8},"end":{"line":57,"column":55}},"32":{"start":{"line":61,"column":2},"end":{"line":160,"column":3}},"33":{"start":{"line":84,"column":36},"end":{"line":84,"column":87}},"34":{"start":{"line":98,"column":36},"end":{"line":98,"column":93}},"35":{"start":{"line":139,"column":32},"end":{"line":139,"column":118}}},"fnMap":{"0":{"name":"(anonymous_0)","decl":{"start":{"line":11,"column":29},"end":{"line":11,"column":30}},"loc":{"start":{"line":11,"column":35},"end":{"line":161,"column":1}},"line":11},"1":{"name":"(anonymous_1)","decl":{"start":{"line":27,"column":14},"end":{"line":27,"column":15}},"loc":{"start":{"line":27,"column":18},"end":{"line":31,"column":5}},"line":27},"2":{"name":"(anonymous_2)","decl":{"start":{"line":33,"column":14},"end":{"line":33,"column":15}},"loc":{"start":{"line":33,"column":18},"end":{"line":41,"column":5}},"line":33},"3":{"name":"(anonymous_3)","decl":{"start":{"line":43,"column":14},"end":{"line":43,"column":15}},"loc":{"start":{"line":43,"column":18},"end":{"line":48,"column":5}},"line":43},"4":{"name":"(anonymous_4)","decl":{"start":{"line":44,"column":15},"end":{"line":44,"column":16}},"loc":{"start":{"line":44,"column":19},"end":{"line":47,"column":9}},"line":44},"5":{"name":"(anonymous_5)","decl":{"start":{"line":50,"column":30},"end":{"line":50,"column":31}},"loc":{"start":{"line":50,"column":38},"end":{"line":58,"column":5}},"line":50},"6":{"name":"(anonymous_6)","decl":{"start":{"line":83,"column":43},"end":{"line":83,"column":44}},"loc":{"start":{"line":84,"column":36},"end":{"line":84,"column":87}},"line":84},"7":{"name":"(anonymous_7)","decl":{"start":{"line":97,"column":47},"end":{"line":97,"column":48}},"loc":{"start":{"line":98,"column":36},"end":{"line":98,"column":93}},"line":98},"8":{"name":"(anonymous_8)","decl":{"start":{"line":138,"column":55},"end":{"line":138,"column":56}},"loc":{"start":{"line":139,"column":32},"end":{"line":139,"column":118}},"line":139}},"branchMap":{"0":{"loc":{"start":{"line":28,"column":8},"end":{"line":30,"column":9}},"type":"if","locations":[{"start":{"line":28,"column":8},"end":{"line":30,"column":9}},{"start":{},"end":{}}],"line":28},"1":{"loc":{"start":{"line":34,"column":8},"end":{"line":40,"column":9}},"type":"if","locations":[{"start":{"line":34,"column":8},"end":{"line":40,"column":9}},{"start":{"line":38,"column":13},"end":{"line":40,"column":9}}],"line":34},"2":{"loc":{"start":{"line":38,"column":13},"end":{"line":40,"column":9}},"type":"if","locations":[{"start":{"line":38,"column":13},"end":{"line":40,"column":9}},{"start":{},"end":{}}],"line":38},"3":{"loc":{"start":{"line":65,"column":12},"end":{"line":156,"column":16}},"type":"binary-expr","locations":[{"start":{"line":65,"column":12},"end":{"line":65,"column":27}},{"start":{"line":67,"column":8},"end":{"line":156,"column":16}}],"line":65},"4":{"loc":{"start":{"line":67,"column":22},"end":{"line":67,"column":43}},"type":"cond-expr","locations":[{"start":{"line":67,"column":29},"end":{"line":67,"column":35}},{"start":{"line":67,"column":36},"end":{"line":67,"column":43}}],"line":67},"5":{"loc":{"start":{"line":67,"column":60},"end":{"line":67,"column":69}},"type":"cond-expr","locations":[{"start":{"line":67,"column":66},"end":{"line":67,"column":67}},{"start":{"line":67,"column":68},"end":{"line":67,"column":69}}],"line":67},"6":{"loc":{"start":{"line":119,"column":90},"end":{"line":119,"column":112}},"type":"cond-expr","locations":[{"start":{"line":119,"column":96},"end":{"line":119,"column":99}},{"start":{"line":119,"column":100},"end":{"line":119,"column":112}}],"line":119},"7":{"loc":{"start":{"line":150,"column":75},"end":{"line":150,"column":84}},"type":"cond-expr","locations":[{"start":{"line":150,"column":81},"end":{"line":150,"column":82}},{"start":{"line":150,"column":83},"end":{"line":150,"column":84}}],"line":150},"8":{"loc":{"start":{"line":151,"column":30},"end":{"line":151,"column":52}},"type":"cond-expr","locations":[{"start":{"line":151,"column":36},"end":{"line":151,"column":44}},{"start":{"line":151,"column":45},"end":{"line":151,"column":52}}],"line":151},"9":{"loc":{"start":{"line":152,"column":30},"end":{"line":152,"column":52}},"type":"cond-expr","locations":[{"start":{"line":152,"column":36},"end":{"line":152,"column":44}},{"start":{"line":152,"column":45},"end":{"line":152,"column":52}}],"line":152}},"s":{"0":0,"1":0,"2":0,"3":0,"4":0,"5":0,"6":0,"7":0,"8":0,"9":0,"10":0,"11":0,"12":0,"13":0,"14":0,"15":0,"16":0,"17":0,"18":0,"19":0,"20":0,"21":0,"22":0,"23":0,"24":0,"25":0,"26":0,"27":0,"28":0,"29":0,"30":0,"31":0,"32":0,"33":0,"34":0,"35":0},"f":{"0":0,"1":0,"2":0,"3":0,"4":0,"5":0,"6":0,"7":0,"8":0},"b":{"0":[0,0],"1":[0,0],"2":[0,0],"3":[0,0],"4":[0,0],"5":[0,0],"6":[0,0],"7":[0,0],"8":[0,0],"9":[0,0]}}
,"C:\\Users\\jithi\\Ecommerce-1.2.3\\frontend\\src\\features\\auth\\AuthApi.jsx": {"path":"C:\\Users\\jithi\\Ecommerce-1.2.3\\frontend\\src\\features\\auth\\AuthApi.jsx","statementMap":{"0":{"start":{"line":3,"column":20},"end":{"line":35,"column":1}},"1":{"start":{"line":4,"column":4},"end":{"line":34,"column":5}},"2":{"start":{"line":6,"column":24},"end":{"line":6,"column":35}},"3":{"start":{"line":7,"column":8},"end":{"line":7,"column":32}},"4":{"start":{"line":8,"column":8},"end":{"line":8,"column":56}},"5":{"start":{"line":11,"column":20},"end":{"line":11,"column":58}},"6":{"start":{"line":12,"column":8},"end":{"line":12,"column":50}},"7":{"start":{"line":13,"column":8},"end":{"line":13,"column":24}},"8":{"start":{"line":16,"column":8},"end":{"line":33,"column":9}},"9":{"start":{"line":19,"column":12},"end":{"line":23,"column":15}},"10":{"start":{"line":24,"column":12},"end":{"line":24,"column":38}},"11":{"start":{"line":25,"column":15},"end":{"line":33,"column":9}},"12":{"start":{"line":27,"column":12},"end":{"line":27,"column":72}},"13":{"start":{"line":28,"column":12},"end":{"line":28,"column":88}},"14":{"start":{"line":31,"column":12},"end":{"line":31,"column":58}},"15":{"start":{"line":32,"column":12},"end":{"line":32,"column":79}},"16":{"start":{"line":36,"column":19},"end":{"line":43,"column":1}},"17":{"start":{"line":37,"column":4},"end":{"line":42,"column":5}},"18":{"start":{"line":38,"column":18},"end":{"line":38,"column":54}},"19":{"start":{"line":39,"column":8},"end":{"line":39,"column":23}},"20":{"start":{"line":41,"column":8},"end":{"line":41,"column":33}},"21":{"start":{"line":44,"column":23},"end":{"line":51,"column":1}},"22":{"start":{"line":45,"column":4},"end":{"line":50,"column":5}},"23":{"start":{"line":46,"column":18},"end":{"line":46,"column":59}},"24":{"start":{"line":47,"column":8},"end":{"line":47,"column":23}},"25":{"start":{"line":49,"column":8},"end":{"line":49,"column":33}},"26":{"start":{"line":52,"column":23},"end":{"line":59,"column":1}},"27":{"start":{"line":53,"column":4},"end":{"line":58,"column":5}},"28":{"start":{"line":54,"column":18},"end":{"line":54,"column":59}},"29":{"start":{"line":55,"column":8},"end":{"line":55,"column":23}},"30":{"start":{"line":57,"column":8},"end":{"line":57,"column":33}},"31":{"start":{"line":60,"column":28},"end":{"line":67,"column":1}},"32":{"start":{"line":61,"column":4},"end":{"line":66,"column":5}},"33":{"start":{"line":62,"column":18},"end":{"line":62,"column":64}},"34":{"start":{"line":63,"column":8},"end":{"line":63,"column":23}},"35":{"start":{"line":65,"column":8},"end":{"line":65,"column":33}},"36":{"start":{"line":68,"column":27},"end":{"line":75,"column":1}},"37":{"start":{"line":69,"column":4},"end":{"line":74,"column":5}},"38":{"start":{"line":70,"column":18},"end":{"line":70,"column":63}},"39":{"start":{"line":71,"column":8},"end":{"line":71,"column":23}},"40":{"start":{"line":73,"column":8},"end":{"line":73,"column":33}},"41":{"start":{"line":76,"column":23},"end":{"line":83,"column":1}},"42":{"start":{"line":77,"column":4},"end":{"line":82,"column":5}},"43":{"start":{"line":78,"column":18},"end":{"line":78,"column":53}},"44":{"start":{"line":79,"column":8},"end":{"line":79,"column":23}},"45":{"start":{"line":81,"column":8},"end":{"line":81,"column":33}},"46":{"start":{"line":84,"column":20},"end":{"line":91,"column":1}},"47":{"start":{"line":85,"column":4},"end":{"line":90,"column":5}},"48":{"start":{"line":86,"column":18},"end":{"line":86,"column":49}},"49":{"start":{"line":87,"column":8},"end":{"line":87,"column":23}},"50":{"start":{"line":89,"column":8},"end":{"line":89,"column":33}}},"fnMap":{"0":{"name":"(anonymous_0)","decl":{"start":{"line":3,"column":20},"end":{"line":3,"column":21}},"loc":{"start":{"line":3,"column":33},"end":{"line":35,"column":1}},"line":3},"1":{"name":"(anonymous_1)","decl":{"start":{"line":36,"column":19},"end":{"line":36,"column":20}},"loc":{"start":{"line":36,"column":32},"end":{"line":43,"column":1}},"line":36},"2":{"name":"(anonymous_2)","decl":{"start":{"line":44,"column":23},"end":{"line":44,"column":24}},"loc":{"start":{"line":44,"column":36},"end":{"line":51,"column":1}},"line":44},"3":{"name":"(anonymous_3)","decl":{"start":{"line":52,"column":23},"end":{"line":52,"column":24}},"loc":{"start":{"line":52,"column":36},"end":{"line":59,"column":1}},"line":52},"4":{"name":"(anonymous_4)","decl":{"start":{"line":60,"column":28},"end":{"line":60,"column":29}},"loc":{"start":{"line":60,"column":41},"end":{"line":67,"column":1}},"line":60},"5":{"name":"(anonymous_5)","decl":{"start":{"line":68,"column":27},"end":{"line":68,"column":28}},"loc":{"start":{"line":68,"column":40},"end":{"line":75,"column":1}},"line":68},"6":{"name":"(anonymous_6)","decl":{"start":{"line":76,"column":23},"end":{"line":76,"column":24}},"loc":{"start":{"line":76,"column":36},"end":{"line":83,"column":1}},"line":76},"7":{"name":"(anonymous_7)","decl":{"start":{"line":84,"column":20},"end":{"line":84,"column":21}},"loc":{"start":{"line":84,"column":29},"end":{"line":91,"column":1}},"line":84}},"branchMap":{"0":{"loc":{"start":{"line":16,"column":8},"end":{"line":33,"column":9}},"type":"if","locations":[{"start":{"line":16,"column":8},"end":{"line":33,"column":9}},{"start":{"line":25,"column":15},"end":{"line":33,"column":9}}],"line":16},"1":{"loc":{"start":{"line":25,"column":15},"end":{"line":33,"column":9}},"type":"if","locations":[{"start":{"line":25,"column":15},"end":{"line":33,"column":9}},{"start":{"line":29,"column":15},"end":{"line":33,"column":9}}],"line":25},"2":{"loc":{"start":{"line":32,"column":29},"end":{"line":32,"column":76}},"type":"binary-expr","locations":[{"start":{"line":32,"column":29},"end":{"line":32,"column":42}},{"start":{"line":32,"column":46},"end":{"line":32,"column":76}}],"line":32}},"s":{"0":2,"1":0,"2":0,"3":0,"4":0,"5":0,"6":0,"7":0,"8":0,"9":0,"10":0,"11":0,"12":0,"13":0,"14":0,"15":0,"16":2,"17":0,"18":0,"19":0,"20":0,"21":2,"22":0,"23":0,"24":0,"25":0,"26":2,"27":0,"28":0,"29":0,"30":0,"31":2,"32":0,"33":0,"34":0,"35":0,"36":2,"37":0,"38":0,"39":0,"40":0,"41":2,"42":0,"43":0,"44":0,"45":0,"46":2,"47":0,"48":0,"49":0,"50":0},"f":{"0":0,"1":0,"2":0,"3":0,"4":0,"5":0,"6":0,"7":0},"b":{"0":[0,0],"1":[0,0],"2":[0,0]},"_coverageSchema":"1a1c01bbd47fc00a2c39e90264f33305004495a9","hash":"5c1f0d2979ec6d1185a809e381c2d220667387fe"}
,"C:\\Users\\jithi\\Ecommerce-1.2.3\\frontend\\src\\features\\auth\\AuthSlice.jsx": {"path":"C:\\Users\\jithi\\Ecommerce-1.2.3\\frontend\\src\\features\\auth\\AuthSlice.jsx","statementMap":{"0":{"start":{"line":4,"column":19},"end":{"line":25,"column":1}},"1":{"start":{"line":27,"column":25},"end":{"line":34,"column":2}},"2":{"start":{"line":28,"column":4},"end":{"line":33,"column":5}},"3":{"start":{"line":29,"column":18},"end":{"line":29,"column":36}},"4":{"start":{"line":30,"column":8},"end":{"line":30,"column":18}},"5":{"start":{"line":32,"column":8},"end":{"line":32,"column":37}},"6":{"start":{"line":36,"column":24},"end":{"line":39,"column":2}},"7":{"start":{"line":37,"column":14},"end":{"line":37,"column":31}},"8":{"start":{"line":38,"column":4},"end":{"line":38,"column":14}},"9":{"start":{"line":41,"column":28},"end":{"line":44,"column":2}},"10":{"start":{"line":42,"column":14},"end":{"line":42,"column":35}},"11":{"start":{"line":43,"column":4},"end":{"line":43,"column":14}},"12":{"start":{"line":45,"column":28},"end":{"line":48,"column":2}},"13":{"start":{"line":46,"column":14},"end":{"line":46,"column":35}},"14":{"start":{"line":47,"column":4},"end":{"line":47,"column":14}},"15":{"start":{"line":49,"column":33},"end":{"line":52,"column":2}},"16":{"start":{"line":50,"column":14},"end":{"line":50,"column":40}},"17":{"start":{"line":51,"column":4},"end":{"line":51,"column":14}},"18":{"start":{"line":54,"column":32},"end":{"line":57,"column":2}},"19":{"start":{"line":55,"column":14},"end":{"line":55,"column":39}},"20":{"start":{"line":56,"column":4},"end":{"line":56,"column":14}},"21":{"start":{"line":59,"column":28},"end":{"line":62,"column":2}},"22":{"start":{"line":60,"column":14},"end":{"line":60,"column":31}},"23":{"start":{"line":61,"column":4},"end":{"line":61,"column":14}},"24":{"start":{"line":64,"column":25},"end":{"line":67,"column":2}},"25":{"start":{"line":65,"column":14},"end":{"line":65,"column":28}},"26":{"start":{"line":66,"column":4},"end":{"line":66,"column":14}},"27":{"start":{"line":70,"column":16},"end":{"line":234,"column":2}},"28":{"start":{"line":75,"column":12},"end":{"line":75,"column":37}},"29":{"start":{"line":78,"column":12},"end":{"line":78,"column":29}},"30":{"start":{"line":81,"column":12},"end":{"line":81,"column":31}},"31":{"start":{"line":84,"column":12},"end":{"line":84,"column":37}},"32":{"start":{"line":87,"column":12},"end":{"line":87,"column":34}},"33":{"start":{"line":90,"column":12},"end":{"line":90,"column":36}},"34":{"start":{"line":93,"column":12},"end":{"line":93,"column":33}},"35":{"start":{"line":96,"column":12},"end":{"line":96,"column":46}},"36":{"start":{"line":99,"column":12},"end":{"line":99,"column":43}},"37":{"start":{"line":102,"column":12},"end":{"line":102,"column":40}},"38":{"start":{"line":105,"column":12},"end":{"line":105,"column":37}},"39":{"start":{"line":108,"column":12},"end":{"line":108,"column":46}},"40":{"start":{"line":111,"column":12},"end":{"line":111,"column":45}},"41":{"start":{"line":114,"column":12},"end":{"line":114,"column":51}},"42":{"start":{"line":117,"column":12},"end":{"line":117,"column":42}},"43":{"start":{"line":120,"column":12},"end":{"line":120,"column":44}},"44":{"start":{"line":123,"column":12},"end":{"line":123,"column":50}},"45":{"start":{"line":126,"column":12},"end":{"line":126,"column":41}},"46":{"start":{"line":132,"column":8},"end":{"line":231,"column":14}},"47":{"start":{"line":134,"column":16},"end":{"line":134,"column":44}},"48":{"start":{"line":137,"column":16},"end":{"line":137,"column":47}},"49":{"start":{"line":138,"column":16},"end":{"line":138,"column":49}},"50":{"start":{"line":141,"column":16},"end":{"line":141,"column":45}},"51":{"start":{"line":142,"column":16},"end":{"line":144,"column":17}},"52":{"start":{"line":148,"column":16},"end":{"line":148,"column":43}},"53":{"start":{"line":151,"column":16},"end":{"line":151,"column":46}},"54":{"start":{"line":152,"column":16},"end":{"line":152,"column":49}},"55":{"start":{"line":155,"column":16},"end":{"line":155,"column":44}},"56":{"start":{"line":156,"column":16},"end":{"line":156,"column":45}},"57":{"start":{"line":160,"column":16},"end":{"line":160,"column":53}},"58":{"start":{"line":163,"column":16},"end":{"line":163,"column":56}},"59":{"start":{"line":164,"column":16},"end":{"line":164,"column":49}},"60":{"start":{"line":167,"column":16},"end":{"line":167,"column":54}},"61":{"start":{"line":168,"column":16},"end":{"line":168,"column":55}},"62":{"start":{"line":172,"column":16},"end":{"line":172,"column":47}},"63":{"start":{"line":175,"column":16},"end":{"line":175,"column":50}},"64":{"start":{"line":176,"column":16},"end":{"line":176,"column":60}},"65":{"start":{"line":179,"column":16},"end":{"line":179,"column":48}},"66":{"start":{"line":180,"column":16},"end":{"line":180,"column":49}},"67":{"start":{"line":184,"column":16},"end":{"line":184,"column":52}},"68":{"start":{"line":187,"column":16},"end":{"line":187,"column":55}},"69":{"start":{"line":188,"column":16},"end":{"line":188,"column":65}},"70":{"start":{"line":191,"column":16},"end":{"line":191,"column":53}},"71":{"start":{"line":192,"column":16},"end":{"line":192,"column":54}},"72":{"start":{"line":196,"column":16},"end":{"line":196,"column":51}},"73":{"start":{"line":199,"column":16},"end":{"line":199,"column":54}},"74":{"start":{"line":200,"column":16},"end":{"line":200,"column":64}},"75":{"start":{"line":203,"column":16},"end":{"line":203,"column":52}},"76":{"start":{"line":204,"column":16},"end":{"line":204,"column":53}},"77":{"start":{"line":208,"column":16},"end":{"line":208,"column":38}},"78":{"start":{"line":211,"column":16},"end":{"line":211,"column":41}},"79":{"start":{"line":212,"column":16},"end":{"line":212,"column":39}},"80":{"start":{"line":215,"column":16},"end":{"line":215,"column":39}},"81":{"start":{"line":216,"column":16},"end":{"line":216,"column":41}},"82":{"start":{"line":220,"column":16},"end":{"line":220,"column":38}},"83":{"start":{"line":223,"column":16},"end":{"line":223,"column":41}},"84":{"start":{"line":224,"column":16},"end":{"line":224,"column":49}},"85":{"start":{"line":225,"column":16},"end":{"line":225,"column":40}},"86":{"start":{"line":228,"column":16},"end":{"line":228,"column":39}},"87":{"start":{"line":229,"column":16},"end":{"line":229,"column":41}},"88":{"start":{"line":230,"column":16},"end":{"line":230,"column":40}},"89":{"start":{"line":238,"column":30},"end":{"line":238,"column":61}},"90":{"start":{"line":238,"column":39},"end":{"line":238,"column":61}},"91":{"start":{"line":239,"column":30},"end":{"line":239,"column":61}},"92":{"start":{"line":239,"column":39},"end":{"line":239,"column":61}},"93":{"start":{"line":240,"column":32},"end":{"line":240,"column":69}},"94":{"start":{"line":240,"column":41},"end":{"line":240,"column":69}},"95":{"start":{"line":241,"column":38},"end":{"line":241,"column":77}},"96":{"start":{"line":241,"column":47},"end":{"line":241,"column":77}},"97":{"start":{"line":242,"column":33},"end":{"line":242,"column":71}},"98":{"start":{"line":242,"column":42},"end":{"line":242,"column":71}},"99":{"start":{"line":243,"column":35},"end":{"line":243,"column":75}},"100":{"start":{"line":243,"column":44},"end":{"line":243,"column":75}},"101":{"start":{"line":244,"column":43},"end":{"line":244,"column":91}},"102":{"start":{"line":244,"column":52},"end":{"line":244,"column":91}},"103":{"start":{"line":245,"column":34},"end":{"line":245,"column":73}},"104":{"start":{"line":245,"column":43},"end":{"line":245,"column":73}},"105":{"start":{"line":246,"column":32},"end":{"line":246,"column":69}},"106":{"start":{"line":246,"column":41},"end":{"line":246,"column":69}},"107":{"start":{"line":247,"column":31},"end":{"line":247,"column":67}},"108":{"start":{"line":247,"column":40},"end":{"line":247,"column":67}},"109":{"start":{"line":248,"column":31},"end":{"line":248,"column":67}},"110":{"start":{"line":248,"column":40},"end":{"line":248,"column":67}},"111":{"start":{"line":249,"column":30},"end":{"line":249,"column":65}},"112":{"start":{"line":249,"column":39},"end":{"line":249,"column":65}},"113":{"start":{"line":250,"column":41},"end":{"line":250,"column":87}},"114":{"start":{"line":250,"column":50},"end":{"line":250,"column":87}},"115":{"start":{"line":251,"column":40},"end":{"line":251,"column":85}},"116":{"start":{"line":251,"column":49},"end":{"line":251,"column":85}},"117":{"start":{"line":252,"column":40},"end":{"line":252,"column":85}},"118":{"start":{"line":252,"column":49},"end":{"line":252,"column":85}},"119":{"start":{"line":253,"column":48},"end":{"line":253,"column":101}},"120":{"start":{"line":253,"column":57},"end":{"line":253,"column":101}},"121":{"start":{"line":254,"column":39},"end":{"line":254,"column":83}},"122":{"start":{"line":254,"column":48},"end":{"line":254,"column":83}},"123":{"start":{"line":255,"column":39},"end":{"line":255,"column":83}},"124":{"start":{"line":255,"column":48},"end":{"line":255,"column":83}},"125":{"start":{"line":256,"column":47},"end":{"line":256,"column":99}},"126":{"start":{"line":256,"column":56},"end":{"line":256,"column":99}},"127":{"start":{"line":257,"column":38},"end":{"line":257,"column":81}},"128":{"start":{"line":257,"column":47},"end":{"line":257,"column":81}},"129":{"start":{"line":260,"column":429},"end":{"line":260,"column":446}}},"fnMap":{"0":{"name":"(anonymous_0)","decl":{"start":{"line":27,"column":61},"end":{"line":27,"column":62}},"loc":{"start":{"line":27,"column":95},"end":{"line":34,"column":1}},"line":27},"1":{"name":"(anonymous_1)","decl":{"start":{"line":36,"column":59},"end":{"line":36,"column":60}},"loc":{"start":{"line":36,"column":72},"end":{"line":39,"column":1}},"line":36},"2":{"name":"(anonymous_2)","decl":{"start":{"line":41,"column":67},"end":{"line":41,"column":68}},"loc":{"start":{"line":41,"column":80},"end":{"line":44,"column":1}},"line":41},"3":{"name":"(anonymous_3)","decl":{"start":{"line":45,"column":67},"end":{"line":45,"column":68}},"loc":{"start":{"line":45,"column":80},"end":{"line":48,"column":1}},"line":45},"4":{"name":"(anonymous_4)","decl":{"start":{"line":49,"column":77},"end":{"line":49,"column":78}},"loc":{"start":{"line":49,"column":90},"end":{"line":52,"column":1}},"line":49},"5":{"name":"(anonymous_5)","decl":{"start":{"line":54,"column":75},"end":{"line":54,"column":76}},"loc":{"start":{"line":54,"column":88},"end":{"line":57,"column":1}},"line":54},"6":{"name":"(anonymous_6)","decl":{"start":{"line":59,"column":67},"end":{"line":59,"column":68}},"loc":{"start":{"line":59,"column":76},"end":{"line":62,"column":1}},"line":59},"7":{"name":"(anonymous_7)","decl":{"start":{"line":64,"column":61},"end":{"line":64,"column":62}},"loc":{"start":{"line":64,"column":70},"end":{"line":67,"column":1}},"line":64},"8":{"name":"(anonymous_8)","decl":{"start":{"line":74,"column":32},"end":{"line":74,"column":33}},"loc":{"start":{"line":74,"column":41},"end":{"line":76,"column":9}},"line":74},"9":{"name":"(anonymous_9)","decl":{"start":{"line":77,"column":24},"end":{"line":77,"column":25}},"loc":{"start":{"line":77,"column":33},"end":{"line":79,"column":9}},"line":77},"10":{"name":"(anonymous_10)","decl":{"start":{"line":80,"column":24},"end":{"line":80,"column":25}},"loc":{"start":{"line":80,"column":33},"end":{"line":82,"column":9}},"line":80},"11":{"name":"(anonymous_11)","decl":{"start":{"line":83,"column":26},"end":{"line":83,"column":27}},"loc":{"start":{"line":83,"column":35},"end":{"line":85,"column":9}},"line":83},"12":{"name":"(anonymous_12)","decl":{"start":{"line":86,"column":25},"end":{"line":86,"column":26}},"loc":{"start":{"line":86,"column":34},"end":{"line":88,"column":9}},"line":86},"13":{"name":"(anonymous_13)","decl":{"start":{"line":89,"column":25},"end":{"line":89,"column":26}},"loc":{"start":{"line":89,"column":34},"end":{"line":91,"column":9}},"line":89},"14":{"name":"(anonymous_14)","decl":{"start":{"line":92,"column":24},"end":{"line":92,"column":25}},"loc":{"start":{"line":92,"column":33},"end":{"line":94,"column":9}},"line":92},"15":{"name":"(anonymous_15)","decl":{"start":{"line":95,"column":35},"end":{"line":95,"column":36}},"loc":{"start":{"line":95,"column":44},"end":{"line":97,"column":9}},"line":95},"16":{"name":"(anonymous_16)","decl":{"start":{"line":98,"column":34},"end":{"line":98,"column":35}},"loc":{"start":{"line":98,"column":43},"end":{"line":100,"column":9}},"line":98},"17":{"name":"(anonymous_17)","decl":{"start":{"line":101,"column":29},"end":{"line":101,"column":30}},"loc":{"start":{"line":101,"column":38},"end":{"line":103,"column":9}},"line":101},"18":{"name":"(anonymous_18)","decl":{"start":{"line":104,"column":28},"end":{"line":104,"column":29}},"loc":{"start":{"line":104,"column":37},"end":{"line":106,"column":9}},"line":104},"19":{"name":"(anonymous_19)","decl":{"start":{"line":107,"column":37},"end":{"line":107,"column":38}},"loc":{"start":{"line":107,"column":46},"end":{"line":109,"column":9}},"line":107},"20":{"name":"(anonymous_20)","decl":{"start":{"line":110,"column":34},"end":{"line":110,"column":35}},"loc":{"start":{"line":110,"column":43},"end":{"line":112,"column":9}},"line":110},"21":{"name":"(anonymous_21)","decl":{"start":{"line":113,"column":42},"end":{"line":113,"column":43}},"loc":{"start":{"line":113,"column":51},"end":{"line":115,"column":9}},"line":113},"22":{"name":"(anonymous_22)","decl":{"start":{"line":116,"column":33},"end":{"line":116,"column":34}},"loc":{"start":{"line":116,"column":42},"end":{"line":118,"column":9}},"line":116},"23":{"name":"(anonymous_23)","decl":{"start":{"line":119,"column":33},"end":{"line":119,"column":34}},"loc":{"start":{"line":119,"column":42},"end":{"line":121,"column":9}},"line":119},"24":{"name":"(anonymous_24)","decl":{"start":{"line":122,"column":41},"end":{"line":122,"column":42}},"loc":{"start":{"line":122,"column":50},"end":{"line":124,"column":9}},"line":122},"25":{"name":"(anonymous_25)","decl":{"start":{"line":125,"column":32},"end":{"line":125,"column":33}},"loc":{"start":{"line":125,"column":41},"end":{"line":127,"column":9}},"line":125},"26":{"name":"(anonymous_26)","decl":{"start":{"line":131,"column":18},"end":{"line":131,"column":19}},"loc":{"start":{"line":131,"column":29},"end":{"line":233,"column":5}},"line":131},"27":{"name":"(anonymous_27)","decl":{"start":{"line":133,"column":41},"end":{"line":133,"column":42}},"loc":{"start":{"line":133,"column":50},"end":{"line":135,"column":13}},"line":133},"28":{"name":"(anonymous_28)","decl":{"start":{"line":136,"column":43},"end":{"line":136,"column":44}},"loc":{"start":{"line":136,"column":59},"end":{"line":139,"column":13}},"line":136},"29":{"name":"(anonymous_29)","decl":{"start":{"line":140,"column":42},"end":{"line":140,"column":43}},"loc":{"start":{"line":140,"column":58},"end":{"line":145,"column":13}},"line":140},"30":{"name":"(anonymous_30)","decl":{"start":{"line":147,"column":40},"end":{"line":147,"column":41}},"loc":{"start":{"line":147,"column":49},"end":{"line":149,"column":13}},"line":147},"31":{"name":"(anonymous_31)","decl":{"start":{"line":150,"column":42},"end":{"line":150,"column":43}},"loc":{"start":{"line":150,"column":58},"end":{"line":153,"column":13}},"line":150},"32":{"name":"(anonymous_32)","decl":{"start":{"line":154,"column":41},"end":{"line":154,"column":42}},"loc":{"start":{"line":154,"column":57},"end":{"line":157,"column":13}},"line":154},"33":{"name":"(anonymous_33)","decl":{"start":{"line":159,"column":44},"end":{"line":159,"column":45}},"loc":{"start":{"line":159,"column":53},"end":{"line":161,"column":13}},"line":159},"34":{"name":"(anonymous_34)","decl":{"start":{"line":162,"column":46},"end":{"line":162,"column":47}},"loc":{"start":{"line":162,"column":62},"end":{"line":165,"column":13}},"line":162},"35":{"name":"(anonymous_35)","decl":{"start":{"line":166,"column":45},"end":{"line":166,"column":4
[...]
,"C:\\Users\\jithi\\Ecommerce-1.2.3\\frontend\\src\\pages\\VendorPendingApprovalPage.jsx": {"path":"C:\\Users\\jithi\\Ecommerce-1.2.3\\frontend\\src\\pages\\VendorPendingApprovalPage.jsx","statementMap":{"0":{"start":{"line":10,"column":34},"end":{"line":75,"column":1}},"1":{"start":{"line":11,"column":23},"end":{"line":11,"column":54}},"2":{"start":{"line":12,"column":19},"end":{"line":12,"column":32}},"3":{"start":{"line":13,"column":19},"end":{"line":13,"column":32}},"4":{"start":{"line":15,"column":2},"end":{"line":25,"column":31}},"5":{"start":{"line":17,"column":4},"end":{"line":24,"column":5}},"6":{"start":{"line":18,"column":6},"end":{"line":18,"column":25}},"7":{"start":{"line":19,"column":11},"end":{"line":24,"column":5}},"8":{"start":{"line":20,"column":6},"end":{"line":20,"column":20}},"9":{"start":{"line":21,"column":11},"end":{"line":24,"column":5}},"10":{"start":{"line":23,"column":6},"end":{"line":23,"column":36}},"11":{"start":{"line":27,"column":23},"end":{"line":30,"column":3}},"12":{"start":{"line":28,"column":4},"end":{"line":28,"column":28}},"13":{"start":{"line":29,"column":4},"end":{"line":29,"column":23}},"14":{"start":{"line":32,"column":2},"end":{"line":74,"column":4}}},"fnMap":{"0":{"name":"(anonymous_0)","decl":{"start":{"line":10,"column":34},"end":{"line":10,"column":35}},"loc":{"start":{"line":10,"column":40},"end":{"line":75,"column":1}},"line":10},"1":{"name":"(anonymous_1)","decl":{"start":{"line":15,"column":12},"end":{"line":15,"column":13}},"loc":{"start":{"line":15,"column":18},"end":{"line":25,"column":3}},"line":15},"2":{"name":"(anonymous_2)","decl":{"start":{"line":27,"column":23},"end":{"line":27,"column":24}},"loc":{"start":{"line":27,"column":29},"end":{"line":30,"column":3}},"line":27}},"branchMap":{"0":{"loc":{"start":{"line":17,"column":4},"end":{"line":24,"column":5}},"type":"if","locations":[{"start":{"line":17,"column":4},"end":{"line":24,"column":5}},{"start":{"line":19,"column":11},"end":{"line":24,"column":5}}],"line":17},"1":{"loc":{"start":{"line":19,"column":11},"end":{"line":24,"column":5}},"type":"if","locations":[{"start":{"line":19,"column":11},"end":{"line":24,"column":5}},{"start":{"line":21,"column":11},"end":{"line":24,"column":5}}],"line":19},"2":{"loc":{"start":{"line":21,"column":11},"end":{"line":24,"column":5}},"type":"if","locations":[{"start":{"line":21,"column":11},"end":{"line":24,"column":5}},{"start":{},"end":{}}],"line":21}},"s":{"0":0,"1":0,"2":0,"3":0,"4":0,"5":0,"6":0,"7":0,"8":0,"9":0,"10":0,"11":0,"12":0,"13":0,"14":0},"f":{"0":0,"1":0,"2":0},"b":{"0":[0,0],"1":[0,0],"2":[0,0]}}
,"C:\\Users\\jithi\\Ecommerce-1.2.3\\frontend\\src\\pages\\VendorProductsPage.jsx": {"path":"C:\\Users\\jithi\\Ecommerce-1.2.3\\frontend\\src\\pages\\VendorProductsPage.jsx","statementMap":{"0":{"start":{"line":34,"column":27},"end":{"line":312,"column":1}},"1":{"start":{"line":35,"column":23},"end":{"line":35,"column":54}},"2":{"start":{"line":36,"column":19},"end":{"line":36,"column":32}},"3":{"start":{"line":37,"column":34},"end":{"line":37,"column":46}},"4":{"start":{"line":38,"column":32},"end":{"line":38,"column":46}},"5":{"start":{"line":39,"column":28},"end":{"line":39,"column":42}},"6":{"start":{"line":40,"column":38},"end":{"line":40,"column":53}},"7":{"start":{"line":41,"column":48},"end":{"line":41,"column":62}},"8":{"start":{"line":42,"column":38},"end":{"line":42,"column":50}},"9":{"start":{"line":43,"column":38},"end":{"line":43,"column":50}},"10":{"start":{"line":45,"column":2},"end":{"line":56,"column":31}},"11":{"start":{"line":47,"column":4},"end":{"line":55,"column":5}},"12":{"start":{"line":48,"column":6},"end":{"line":48,"column":25}},"13":{"start":{"line":49,"column":11},"end":{"line":55,"column":5}},"14":{"start":{"line":50,"column":6},"end":{"line":50,"column":20}},"15":{"start":{"line":51,"column":11},"end":{"line":55,"column":5}},"16":{"start":{"line":52,"column":6},"end":{"line":52,"column":43}},"17":{"start":{"line":54,"column":6},"end":{"line":54,"column":28}},"18":{"start":{"line":58,"column":30},"end":{"line":69,"column":3}},"19":{"start":{"line":59,"column":4},"end":{"line":68,"column":5}},"20":{"start":{"line":60,"column":6},"end":{"line":60,"column":23}},"21":{"start":{"line":61,"column":23},"end":{"line":61,"column":74}},"22":{"start":{"line":62,"column":6},"end":{"line":62,"column":33}},"23":{"start":{"line":63,"column":6},"end":{"line":63,"column":24}},"24":{"start":{"line":65,"column":6},"end":{"line":65,"column":55}},"25":{"start":{"line":66,"column":6},"end":{"line":66,"column":67}},"26":{"start":{"line":67,"column":6},"end":{"line":67,"column":24}},"27":{"start":{"line":71,"column":21},"end":{"line":73,"column":3}},"28":{"start":{"line":72,"column":4},"end":{"line":72,"column":45}},"29":{"start":{"line":75,"column":23},"end":{"line":79,"column":3}},"30":{"start":{"line":76,"column":4},"end":{"line":76,"column":32}},"31":{"start":{"line":77,"column":4},"end":{"line":77,"column":28}},"32":{"start":{"line":78,"column":4},"end":{"line":78,"column":24}},"33":{"start":{"line":81,"column":24},"end":{"line":85,"column":3}},"34":{"start":{"line":82,"column":4},"end":{"line":82,"column":32}},"35":{"start":{"line":83,"column":4},"end":{"line":83,"column":29}},"36":{"start":{"line":84,"column":4},"end":{"line":84,"column":24}},"37":{"start":{"line":87,"column":30},"end":{"line":113,"column":3}},"38":{"start":{"line":88,"column":4},"end":{"line":112,"column":5}},"39":{"start":{"line":89,"column":6},"end":{"line":107,"column":7}},"40":{"start":{"line":90,"column":8},"end":{"line":90,"column":67}},"41":{"start":{"line":92,"column":8},"end":{"line":96,"column":11}},"42":{"start":{"line":93,"column":10},"end":{"line":95,"column":21}},"43":{"start":{"line":97,"column":8},"end":{"line":97,"column":54}},"44":{"start":{"line":98,"column":13},"end":{"line":107,"column":7}},"45":{"start":{"line":99,"column":8},"end":{"line":99,"column":75}},"46":{"start":{"line":101,"column":8},"end":{"line":105,"column":11}},"47":{"start":{"line":102,"column":10},"end":{"line":104,"column":21}},"48":{"start":{"line":106,"column":8},"end":{"line":106,"column":55}},"49":{"start":{"line":108,"column":6},"end":{"line":108,"column":27}},"50":{"start":{"line":110,"column":6},"end":{"line":110,"column":54}},"51":{"start":{"line":111,"column":6},"end":{"line":111,"column":65}},"52":{"start":{"line":115,"column":28},"end":{"line":117,"column":3}},"53":{"start":{"line":116,"column":4},"end":{"line":116,"column":25}},"54":{"start":{"line":119,"column":29},"end":{"line":121,"column":3}},"55":{"start":{"line":120,"column":4},"end":{"line":120,"column":38}},"56":{"start":{"line":123,"column":27},"end":{"line":125,"column":3}},"57":{"start":{"line":124,"column":4},"end":{"line":124,"column":66}},"58":{"start":{"line":127,"column":2},"end":{"line":133,"column":3}},"59":{"start":{"line":128,"column":4},"end":{"line":132,"column":6}},"60":{"start":{"line":135,"column":2},"end":{"line":311,"column":4}},"61":{"start":{"line":145,"column":25},"end":{"line":145,"column":49}},"62":{"start":{"line":186,"column":12},"end":{"line":277,"column":19}},"63":{"start":{"line":251,"column":37},"end":{"line":251,"column":59}},"64":{"start":{"line":261,"column":39},"end":{"line":261,"column":62}},"65":{"start":{"line":269,"column":39},"end":{"line":269,"column":60}}},"fnMap":{"0":{"name":"(anonymous_0)","decl":{"start":{"line":34,"column":27},"end":{"line":34,"column":28}},"loc":{"start":{"line":34,"column":33},"end":{"line":312,"column":1}},"line":34},"1":{"name":"(anonymous_1)","decl":{"start":{"line":45,"column":12},"end":{"line":45,"column":13}},"loc":{"start":{"line":45,"column":18},"end":{"line":56,"column":3}},"line":45},"2":{"name":"(anonymous_2)","decl":{"start":{"line":58,"column":30},"end":{"line":58,"column":31}},"loc":{"start":{"line":58,"column":42},"end":{"line":69,"column":3}},"line":58},"3":{"name":"(anonymous_3)","decl":{"start":{"line":71,"column":21},"end":{"line":71,"column":22}},"loc":{"start":{"line":71,"column":36},"end":{"line":73,"column":3}},"line":71},"4":{"name":"(anonymous_4)","decl":{"start":{"line":75,"column":23},"end":{"line":75,"column":24}},"loc":{"start":{"line":75,"column":36},"end":{"line":79,"column":3}},"line":75},"5":{"name":"(anonymous_5)","decl":{"start":{"line":81,"column":24},"end":{"line":81,"column":25}},"loc":{"start":{"line":81,"column":37},"end":{"line":85,"column":3}},"line":81},"6":{"name":"(anonymous_6)","decl":{"start":{"line":87,"column":30},"end":{"line":87,"column":31}},"loc":{"start":{"line":87,"column":42},"end":{"line":113,"column":3}},"line":87},"7":{"name":"(anonymous_7)","decl":{"start":{"line":92,"column":33},"end":{"line":92,"column":34}},"loc":{"start":{"line":93,"column":10},"end":{"line":95,"column":21}},"line":93},"8":{"name":"(anonymous_8)","decl":{"start":{"line":101,"column":33},"end":{"line":101,"column":34}},"loc":{"start":{"line":102,"column":10},"end":{"line":104,"column":21}},"line":102},"9":{"name":"(anonymous_9)","decl":{"start":{"line":115,"column":28},"end":{"line":115,"column":29}},"loc":{"start":{"line":115,"column":34},"end":{"line":117,"column":3}},"line":115},"10":{"name":"(anonymous_10)","decl":{"start":{"line":119,"column":29},"end":{"line":119,"column":30}},"loc":{"start":{"line":119,"column":40},"end":{"line":121,"column":3}},"line":119},"11":{"name":"(anonymous_11)","decl":{"start":{"line":123,"column":43},"end":{"line":123,"column":44}},"loc":{"start":{"line":124,"column":4},"end":{"line":124,"column":66}},"line":124},"12":{"name":"(anonymous_12)","decl":{"start":{"line":145,"column":19},"end":{"line":145,"column":20}},"loc":{"start":{"line":145,"column":25},"end":{"line":145,"column":49}},"line":145},"13":{"name":"(anonymous_13)","decl":{"start":{"line":185,"column":32},"end":{"line":185,"column":33}},"loc":{"start":{"line":186,"column":12},"end":{"line":277,"column":19}},"line":186},"14":{"name":"(anonymous_14)","decl":{"start":{"line":251,"column":31},"end":{"line":251,"column":32}},"loc":{"start":{"line":251,"column":37},"end":{"line":251,"column":59}},"line":251},"15":{"name":"(anonymous_15)","decl":{"start":{"line":261,"column":33},"end":{"line":261,"column":34}},"loc":{"start":{"line":261,"column":39},"end":{"line":261,"column":62}},"line":261},"16":{"name":"(anonymous_16)","decl":{"start":{"line":269,"column":33},"end":{"line":269,"column":34}},"loc":{"start":{"line":269,"column":39},"end":{"line":269,"column":60}},"line":269}},"branchMap":{"0":{"loc":{"start":{"line":47,"column":4},"end":{"line":55,"column":5}},"type":"if","locations":[{"start":{"line":47,"column":4},"end":{"line":55,"column":5}},{"start":{"line":49,"column":11},"end":{"line":55,"column":5}}],"line":47},"1":{"loc":{"start":{"line":49,"column":11},"end":{"line":55,"column":5}},"type":"if","locations":[{"start":{"line":49,"column":11},"end":{"line":55,"column":5}},{"start":{"line":51,"column":11},"end":{"line":55,"column":5}}],"line":49},"2":{"loc":{"start":{"line":51,"column":11},"end":{"line":55,"column":5}},"type":"if","locations":[{"start":{"line":51,"column":11},"end":{"line":55,"column":5}},{"start":{"line":53,"column":11},"end":{"line":55,"column":5}}],"line":51},"3":{"loc":{"start":{"line":89,"column":6},"end":{"line":107,"column":7}},"type":"if","locations":[{"start":{"line":89,"column":6},"end":{"line":107,"column":7}},{"start":{"line":98,"column":13},"end":{"line":107,"column":7}}],"line":89},"4":{"loc":{"start":{"line":93,"column":10},"end":{"line":95,"column":21}},"type":"cond-expr","locations":[{"start":{"line":94,"column":14},"end":{"line":94,"column":45}},{"start":{"line":95,"column":14},"end":{"line":95,"column":21}}],"line":93},"5":{"loc":{"start":{"line":98,"column":13},"end":{"line":107,"column":7}},"type":"if","locations":[{"start":{"line":98,"column":13},"end":{"line":107,"column":7}},{"start":{},"end":{}}],"line":98},"6":{"loc":{"start":{"line":102,"column":10},"end":{"line":104,"column":21}},"type":"cond-expr","locations":[{"start":{"line":103,"column":14},"end":{"line":103,"column":46}},{"start":{"line":104,"column":14},"end":{"line":104,"column":21}}],"line":102},"7":{"loc":{"start":{"line":127,"column":2},"end":{"line":133,"column":3}},"type":"if","locations":[{"start":{"line":127,"column":2},"end":{"line":133,"column":3}},{"start":{},"end":{}}],"line":127},"8":{"loc":{"start":{"line":151,"column":7},"end":{"line":155,"column":7}},"type":"binary-expr","locations":[{"start":{"line":151,"column":7},"end":{"line":151,"column":12}},{"start":{"line":152,"column":8},"end":{"line":154,"column":16}}],"line":151},"9":{"loc":{"start":{"line":174,"column":7},"end":{"line":280,"column":7}},"type":"cond-expr","locations":[{"start":{"line":175,"column":8},"end":{"line":182,"column":14}},{"start":{"line":184,"column":8},"end":{"line":279,"column":15}}],"line":174},"10":{"loc":{"start":{"line":180,"column":13},"end":{"line":180,"column":94}},"type":"cond-expr","locations":[{"start":{"line":180,"column":26},"end":{"line":180,"column":55}},{"start":{"line":180,"column":58},"end":{"line":180,"column":94}}],"line":180},"11":{"loc":{"start":{"line":192,"column":27},"end":{"line":192,"column":54}},"type":"cond-expr","locations":[{"start":{"line":192,"column":47},"end":{"line":192,"column":50}},{"start":{"line":192,"column":53},"end":{"line":192,"column":54}}],"line":192},"12":{"loc":{"start":{"line":196,"column":17},"end":{"line":224,"column":17}},"type":"binary-expr","locations":[{"start":{"line":196,"column":17},"end":{"line":196,"column":34}},{"start":{"line":197,"column":18},"end":{"line":223,"column":24}}],"line":196},"13":{"loc":{"start":{"line":246,"column":19},"end":{"line":274,"column":19}},"type":"cond-expr","locations":[{"start":{"line":247,"column":20},"end":{"line":255,"column":29}},{"start":{"line":257,"column":20},"end":{"line":273,"column":23}}],"line":246},"14":{"loc":{"start":{"line":288,"column":11},"end":{"line":288,"column":73}},"type":"cond-expr","locations":[{"start":{"line":288,"column":37},"end":{"line":288,"column":53}},{"start":{"line":288,"column":56},"end":{"line":288,"column":73}}],"line":288},"15":{"loc":{"start":{"line":292,"column":13},"end":{"line":294,"column":134}},"type":"cond-expr","locations":[{"start":{"line":293,"column":16},"end":{"line":293,"column":147}},{"start":{"line":294,"column":16},"end":{"line":294,"column":134}}],"line":292},"16":{"loc":{"start":{"line":302,"column":19},"end":{"line":302,"column":64}},"type":"cond-expr","locations":[{"start":{"line":302,"column":45},"end":{"line":302,"column":52}},{"start":{"line":302,"column":55},"end":{"line":302,"column":64}}],"line":302}},"s":{"0":0,"1":0,"2":0,"3":0,"4":0,"5":0,"6":0,"7":0,"8":0,"9":0,"10":0,"11":0,"12":0,"13":0,"14":0,"15":0,"16":0,"17":0,"18":0,"19":0,"20":0,"21":0,"22":0,"23":0,"24":0,"25":0,"26":0,"27":0,"28":0,"29":0,"30":0,"31":0,"32":0,"33":0,"34":0,"35":0,"36":0,"37":0,"38":0,"39":0,"40":0,"41":0,"42":0,"43":0,"44":0,"45":0,"46":0,"47":0,"48":0,"49":0,"50":0,"51":0,"52":0,"53":0,"54":0,"55":0,"56":0,"57":0,"58":0,"59":0,"60":0,"61":0,"62":0,"63":0,"64":0,"65":0},"f":{"0":0,"1":0,"2":0,"3":0,"4":0,"5":0,"6":0,"7":0,"8":0,"9":0,"10":0,"11":0,"12":0,"13":0,"14":0,"15":0,"16":0},"b":{"0":[0,0],"1":[0,0],"2":[0,0],"3":[0,0],"4":[0,0],"5":[0,0],"6":[0,0],"7":[0,0],"8":[0,0],"9":[0,0],"10":[0,0],"11":[0,0],"12":[0,0],"13":[0,0],"14":[0,0],"15":[0,0],"16":[0,0]}}
,"C:\\Users\\jithi\\Ecommerce-1.2.3\\frontend\\src\\pages\\WishlistPage.jsx": {"path":"C:\\Users\\jithi\\Ecommerce-1.2.3\\frontend\\src\\pages\\WishlistPage.jsx","statementMap":{"0":{"start":{"line":6,"column":28},"end":{"line":14,"column":1}},"1":{"start":{"line":7,"column":2},"end":{"line":13,"column":3}}},"fnMap":{"0":{"name":"(anonymous_0)","decl":{"start":{"line":6,"column":28},"end":{"line":6,"column":29}},"loc":{"start":{"line":6,"column":34},"end":{"line":14,"column":1}},"line":6}},"branchMap":{},"s":{"0":0,"1":0},"f":{"0":0},"b":{}}
,"C:\\Users\\jithi\\Ecommerce-1.2.3\\frontend\\src\\pages\\index.js": {"path":"C:\\Users\\jithi\\Ecommerce-1.2.3\\frontend\\src\\pages\\index.js","statementMap":{},"fnMap":{},"branchMap":{},"s":{},"f":{},"b":{}}
,"C:\\Users\\jithi\\Ecommerce-1.2.3\\frontend\\src\\theme\\theme.js": {"path":"C:\\Users\\jithi\\Ecommerce-1.2.3\\frontend\\src\\theme\\theme.js","statementMap":{"0":{"start":{"line":3,"column":21},"end":{"line":118,"column":2}}},"fnMap":{},"branchMap":{},"s":{"0":0},"f":{},"b":{}}
,"C:\\Users\\jithi\\Ecommerce-1.2.3\\frontend\\src\\utils\\test-utils.jsx": {"path":"C:\\Users\\jithi\\Ecommerce-1.2.3\\frontend\\src\\utils\\test-utils.jsx","statementMap":{"0":{"start":{"line":11,"column":14},"end":{"line":11,"column":27}},"1":{"start":{"line":35,"column":4},"end":{"line":44,"column":6}},"2":{"start":{"line":47,"column":2},"end":{"line":47,"column":74}},"3":{"start":{"line":56,"column":2},"end":{"line":64,"column":4}},"4":{"start":{"line":73,"column":2},"end":{"line":87,"column":4}},"5":{"start":{"line":96,"column":2},"end":{"line":108,"column":4}}},"fnMap":{"0":{"name":"renderWithProviders","decl":{"start":{"line":20,"column":16},"end":{"line":20,"column":35}},"loc":{"start":{"line":33,"column":2},"end":{"line":48,"column":1}},"line":33},"1":{"name":"Wrapper","decl":{"start":{"line":34,"column":11},"end":{"line":34,"column":18}},"loc":{"start":{"line":34,"column":33},"end":{"line":45,"column":3}},"line":34},"2":{"name":"createMockUser","decl":{"start":{"line":55,"column":16},"end":{"line":55,"column":30}},"loc":{"start":{"line":55,"column":47},"end":{"line":65,"column":1}},"line":55},"3":{"name":"createMockProduct","decl":{"start":{"line":72,"column":16},"end":{"line":72,"column":33}},"loc":{"start":{"line":72,"column":50},"end":{"line":88,"column":1}},"line":72},"4":{"name":"createMockAuthState","decl":{"start":{"line":95,"column":16},"end":{"line":95,"column":35}},"loc":{"start":{"line":95,"column":52},"end":{"line":109,"column":1}},"line":95}},"branchMap":{"0":{"loc":{"start":{"line":22,"column":2},"end":{"line":32,"column":8}},"type":"default-arg","locations":[{"start":{"line":32,"column":6},"end":{"line":32,"column":8}}],"line":22},"1":{"loc":{"start":{"line":23,"column":4},"end":{"line":23,"column":23}},"type":"default-arg","locations":[{"start":{"line":23,"column":21},"end":{"line":23,"column":23}}],"line":23},"2":{"loc":{"start":{"line":24,"column":4},"end":{"line":30,"column":6}},"type":"default-arg","locations":[{"start":{"line":24,"column":12},"end":{"line":30,"column":6}}],"line":24},"3":{"loc":{"start":{"line":55,"column":31},"end":{"line":55,"column":45}},"type":"default-arg","locations":[{"start":{"line":55,"column":43},"end":{"line":55,"column":45}}],"line":55},"4":{"loc":{"start":{"line":72,"column":34},"end":{"line":72,"column":48}},"type":"default-arg","locations":[{"start":{"line":72,"column":46},"end":{"line":72,"column":48}}],"line":72},"5":{"loc":{"start":{"line":95,"column":36},"end":{"line":95,"column":50}},"type":"default-arg","locations":[{"start":{"line":95,"column":48},"end":{"line":95,"column":50}}],"line":95}},"s":{"0":1,"1":3,"2":3,"3":1,"4":0,"5":0},"f":{"0":3,"1":3,"2":1,"3":0,"4":0},"b":{"0":[0],"1":[0],"2":[3],"3":[0],"4":[0],"5":[0]},"_coverageSchema":"1a1c01bbd47fc00a2c39e90264f33305004495a9","hash":"c60e3d6f9ec8360d10d90e46a1400f561a8d0e8e"}
}
