{"C:\\Users\\jtadaka\\capstoneproject\\shopping-cart-rbac\\backend\\controllers\\Auth.js": {"path":"C:\\Users\\jtadaka\\capstoneproject\\shopping-cart-rbac\\backend\\controllers\\Auth.js","statementMap":{"0":{"start":{"line":1,"column":13},"end":{"line":1,"column":38}},"1":{"start":{"line":2,"column":13},"end":{"line":2,"column":32}},"2":{"start":{"line":3,"column":21},"end":{"line":3,"column":47}},"3":{"start":{"line":4,"column":24},"end":{"line":4,"column":55}},"4":{"start":{"line":5,"column":12},"end":{"line":5,"column":36}},"5":{"start":{"line":6,"column":25},"end":{"line":6,"column":57}},"6":{"start":{"line":7,"column":26},"end":{"line":7,"column":59}},"7":{"start":{"line":8,"column":27},"end":{"line":8,"column":66}},"8":{"start":{"line":10,"column":0},"end":{"line":64,"column":1}},"9":{"start":{"line":11,"column":4},"end":{"line":63,"column":5}},"10":{"start":{"line":12,"column":27},"end":{"line":12,"column":69}},"11":{"start":{"line":15,"column":8},"end":{"line":17,"column":9}},"12":{"start":{"line":16,"column":12},"end":{"line":16,"column":74}},"13":{"start":{"line":20,"column":29},"end":{"line":20,"column":68}},"14":{"start":{"line":21,"column":8},"end":{"line":21,"column":40}},"15":{"start":{"line":24,"column":8},"end":{"line":38,"column":9}},"16":{"start":{"line":26,"column":12},"end":{"line":28,"column":13}},"17":{"start":{"line":27,"column":16},"end":{"line":27,"column":44}},"18":{"start":{"line":31,"column":12},"end":{"line":33,"column":13}},"19":{"start":{"line":32,"column":16},"end":{"line":32,"column":43}},"20":{"start":{"line":36,"column":12},"end":{"line":36,"column":39}},"21":{"start":{"line":37,"column":12},"end":{"line":37,"column":39}},"22":{"start":{"line":41,"column":26},"end":{"line":41,"column":44}},"23":{"start":{"line":42,"column":8},"end":{"line":42,"column":32}},"24":{"start":{"line":45,"column":25},"end":{"line":45,"column":50}},"25":{"start":{"line":48,"column":20},"end":{"line":48,"column":45}},"26":{"start":{"line":51,"column":8},"end":{"line":56,"column":10}},"27":{"start":{"line":58,"column":8},"end":{"line":58,"column":55}},"28":{"start":{"line":61,"column":8},"end":{"line":61,"column":27}},"29":{"start":{"line":62,"column":8},"end":{"line":62,"column":93}},"30":{"start":{"line":66,"column":0},"end":{"line":96,"column":1}},"31":{"start":{"line":67,"column":4},"end":{"line":95,"column":5}},"32":{"start":{"line":69,"column":27},"end":{"line":69,"column":69}},"33":{"start":{"line":72,"column":8},"end":{"line":88,"column":9}},"34":{"start":{"line":75,"column":29},"end":{"line":75,"column":55}},"35":{"start":{"line":78,"column":24},"end":{"line":78,"column":49}},"36":{"start":{"line":81,"column":12},"end":{"line":86,"column":14}},"37":{"start":{"line":87,"column":12},"end":{"line":87,"column":67}},"38":{"start":{"line":90,"column":8},"end":{"line":90,"column":33}},"39":{"start":{"line":91,"column":8},"end":{"line":91,"column":68}},"40":{"start":{"line":93,"column":8},"end":{"line":93,"column":27}},"41":{"start":{"line":94,"column":8},"end":{"line":94,"column":101}},"42":{"start":{"line":98,"column":0},"end":{"line":137,"column":1}},"43":{"start":{"line":99,"column":4},"end":{"line":136,"column":5}},"44":{"start":{"line":101,"column":28},"end":{"line":101,"column":64}},"45":{"start":{"line":104,"column":8},"end":{"line":106,"column":9}},"46":{"start":{"line":105,"column":12},"end":{"line":105,"column":105}},"47":{"start":{"line":109,"column":28},"end":{"line":109,"column":71}},"48":{"start":{"line":112,"column":8},"end":{"line":114,"column":9}},"49":{"start":{"line":113,"column":12},"end":{"line":113,"column":66}},"50":{"start":{"line":117,"column":8},"end":{"line":120,"column":9}},"51":{"start":{"line":118,"column":12},"end":{"line":118,"column":58}},"52":{"start":{"line":119,"column":12},"end":{"line":119,"column":73}},"53":{"start":{"line":123,"column":8},"end":{"line":127,"column":9}},"54":{"start":{"line":124,"column":12},"end":{"line":124,"column":58}},"55":{"start":{"line":125,"column":31},"end":{"line":125,"column":107}},"56":{"start":{"line":126,"column":12},"end":{"line":126,"column":67}},"57":{"start":{"line":130,"column":8},"end":{"line":130,"column":74}},"58":{"start":{"line":134,"column":8},"end":{"line":134,"column":27}},"59":{"start":{"line":135,"column":8},"end":{"line":135,"column":60}},"60":{"start":{"line":139,"column":0},"end":{"line":163,"column":1}},"61":{"start":{"line":140,"column":4},"end":{"line":162,"column":5}},"62":{"start":{"line":142,"column":27},"end":{"line":142,"column":61}},"63":{"start":{"line":144,"column":8},"end":{"line":146,"column":9}},"64":{"start":{"line":145,"column":12},"end":{"line":145,"column":69}},"65":{"start":{"line":148,"column":8},"end":{"line":148,"column":53}},"66":{"start":{"line":150,"column":18},"end":{"line":150,"column":31}},"67":{"start":{"line":151,"column":24},"end":{"line":151,"column":49}},"68":{"start":{"line":153,"column":21},"end":{"line":153,"column":127}},"69":{"start":{"line":154,"column":8},"end":{"line":154,"column":27}},"70":{"start":{"line":156,"column":8},"end":{"line":156,"column":226}},"71":{"start":{"line":158,"column":8},"end":{"line":158,"column":52}},"72":{"start":{"line":160,"column":8},"end":{"line":160,"column":106}},"73":{"start":{"line":161,"column":8},"end":{"line":161,"column":27}},"74":{"start":{"line":165,"column":0},"end":{"line":206,"column":1}},"75":{"start":{"line":167,"column":4},"end":{"line":205,"column":5}},"76":{"start":{"line":169,"column":29},"end":{"line":169,"column":71}},"77":{"start":{"line":172,"column":8},"end":{"line":174,"column":9}},"78":{"start":{"line":173,"column":12},"end":{"line":173,"column":83}},"79":{"start":{"line":176,"column":8},"end":{"line":176,"column":70}},"80":{"start":{"line":179,"column":33},"end":{"line":179,"column":81}},"81":{"start":{"line":182,"column":26},"end":{"line":182,"column":66}},"82":{"start":{"line":185,"column":8},"end":{"line":185,"column":149}},"83":{"start":{"line":186,"column":8},"end":{"line":186,"column":29}},"84":{"start":{"line":189,"column":8},"end":{"line":198,"column":36}},"85":{"start":{"line":200,"column":8},"end":{"line":200,"column":93}},"86":{"start":{"line":203,"column":8},"end":{"line":203,"column":27}},"87":{"start":{"line":204,"column":8},"end":{"line":204,"column":89}},"88":{"start":{"line":208,"column":0},"end":{"line":250,"column":1}},"89":{"start":{"line":209,"column":4},"end":{"line":249,"column":5}},"90":{"start":{"line":212,"column":29},"end":{"line":212,"column":65}},"91":{"start":{"line":215,"column":8},"end":{"line":217,"column":9}},"92":{"start":{"line":216,"column":12},"end":{"line":216,"column":73}},"93":{"start":{"line":220,"column":35},"end":{"line":220,"column":94}},"94":{"start":{"line":223,"column":8},"end":{"line":225,"column":9}},"95":{"start":{"line":224,"column":12},"end":{"line":224,"column":76}},"96":{"start":{"line":228,"column":8},"end":{"line":231,"column":9}},"97":{"start":{"line":229,"column":12},"end":{"line":229,"column":80}},"98":{"start":{"line":230,"column":12},"end":{"line":230,"column":80}},"99":{"start":{"line":234,"column":8},"end":{"line":242,"column":9}},"100":{"start":{"line":237,"column":12},"end":{"line":237,"column":80}},"101":{"start":{"line":240,"column":12},"end":{"line":240,"column":111}},"102":{"start":{"line":241,"column":12},"end":{"line":241,"column":81}},"103":{"start":{"line":244,"column":8},"end":{"line":244,"column":76}},"104":{"start":{"line":247,"column":8},"end":{"line":247,"column":27}},"105":{"start":{"line":248,"column":8},"end":{"line":248,"column":108}},"106":{"start":{"line":252,"column":0},"end":{"line":266,"column":1}},"107":{"start":{"line":253,"column":4},"end":{"line":265,"column":5}},"108":{"start":{"line":255,"column":8},"end":{"line":260,"column":11}},"109":{"start":{"line":261,"column":8},"end":{"line":261,"column":59}},"110":{"start":{"line":263,"column":8},"end":{"line":263,"column":27}},"111":{"start":{"line":264,"column":8},"end":{"line":264,"column":60}},"112":{"start":{"line":268,"column":0},"end":{"line":279,"column":1}},"113":{"start":{"line":269,"column":4},"end":{"line":278,"column":5}},"114":{"start":{"line":270,"column":8},"end":{"line":273,"column":9}},"115":{"start":{"line":271,"column":23},"end":{"line":271,"column":56}},"116":{"start":{"line":272,"column":12},"end":{"line":272,"column":59}},"117":{"start":{"line":274,"column":8},"end":{"line":274,"column":27}},"118":{"start":{"line":276,"column":8},"end":{"line":276,"column":27}},"119":{"start":{"line":277,"column":8},"end":{"line":277,"column":27}}},"fnMap":{"0":{"name":"(anonymous_0)","decl":{"start":{"line":10,"column":15},"end":{"line":10,"column":16}},"loc":{"start":{"line":10,"column":31},"end":{"line":64,"column":1}},"line":10},"1":{"name":"(anonymous_1)","decl":{"start":{"line":66,"column":14},"end":{"line":66,"column":15}},"loc":{"start":{"line":66,"column":30},"end":{"line":96,"column":1}},"line":66},"2":{"name":"(anonymous_2)","decl":{"start":{"line":98,"column":18},"end":{"line":98,"column":19}},"loc":{"start":{"line":98,"column":34},"end":{"line":137,"column":1}},"line":98},"3":{"name":"(anonymous_3)","decl":{"start":{"line":139,"column":18},"end":{"line":139,"column":19}},"loc":{"start":{"line":139,"column":34},"end":{"line":163,"column":1}},"line":139},"4":{"name":"(anonymous_4)","decl":{"start":{"line":165,"column":23},"end":{"line":165,"column":24}},"loc":{"start":{"line":165,"column":39},"end":{"line":206,"column":1}},"line":165},"5":{"name":"(anonymous_5)","decl":{"start":{"line":208,"column":22},"end":{"line":208,"column":23}},"loc":{"start":{"line":208,"column":38},"end":{"line":250,"column":1}},"line":208},"6":{"name":"(anonymous_6)","decl":{"start":{"line":252,"column":15},"end":{"line":252,"column":16}},"loc":{"start":{"line":252,"column":31},"end":{"line":266,"column":1}},"line":252},"7":{"name":"(anonymous_7)","decl":{"start":{"line":268,"column":18},"end":{"line":268,"column":19}},"loc":{"start":{"line":268,"column":34},"end":{"line":279,"column":1}},"line":268}},"branchMap":{"0":{"loc":{"start":{"line":15,"column":8},"end":{"line":17,"column":9}},"type":"if","locations":[{"start":{"line":15,"column":8},"end":{"line":17,"column":9}},{"start":{},"end":{}}],"line":15},"1":{"loc":{"start":{"line":24,"column":8},"end":{"line":38,"column":9}},"type":"if","locations":[{"start":{"line":24,"column":8},"end":{"line":38,"column":9}},{"start":{"line":34,"column":15},"end":{"line":38,"column":9}}],"line":24},"2":{"loc":{"start":{"line":24,"column":12},"end":{"line":24,"column":84}},"type":"binary-expr","locations":[{"start":{"line":24,"column":12},"end":{"line":24,"column":25}},{"start":{"line":24,"column":29},"end":{"line":24,"column":84}}],"line":24},"3":{"loc":{"start":{"line":26,"column":12},"end":{"line":28,"column":13}},"type":"if","locations":[{"start":{"line":26,"column":12},"end":{"line":28,"column":13}},{"start":{},"end":{}}],"line":26},"4":{"loc":{"start":{"line":31,"column":12},"end":{"line":33,"column":13}},"type":"if","locations":[{"start":{"line":31,"column":12},"end":{"line":33,"column":13}},{"start":{},"end":{}}],"line":31},"5":{"loc":{"start":{"line":52,"column":21},"end":{"line":52,"column":65}},"type":"cond-expr","locations":[{"start":{"line":52,"column":53},"end":{"line":52,"column":59}},{"start":{"line":52,"column":60},"end":{"line":52,"column":65}}],"line":52},"6":{"loc":{"start":{"line":55,"column":19},"end":{"line":55,"column":61}},"type":"cond-expr","locations":[{"start":{"line":55,"column":51},"end":{"line":55,"column":55}},{"start":{"line":55,"column":56},"end":{"line":55,"column":61}}],"line":55},"7":{"loc":{"start":{"line":72,"column":8},"end":{"line":88,"column":9}},"type":"if","locations":[{"start":{"line":72,"column":8},"end":{"line":88,"column":9}},{"start":{},"end":{}}],"line":72},"8":{"loc":{"start":{"line":72,"column":11},"end":{"line":72,"column":90}},"type":"binary-expr","locations":[{"start":{"line":72,"column":11},"end":{"line":72,"column":23}},{"start":{"line":72,"column":28},"end":{"line":72,"column":89}}],"line":72},"9":{"loc":{"start":{"line":82,"column":25},"end":{"line":82,"column":69}},"type":"cond-expr","locations":[{"start":{"line":82,"column":57},"end":{"line":82,"column":63}},{"start":{"line":82,"column":64},"end":{"line":82,"column":69}}],"line":82},"10":{"loc":{"start":{"line":85,"column":23},"end":{"line":85,"column":65}},"type":"cond-expr","locations":[{"start":{"line":85,"column":55},"end":{"line":85,"column":59}},{"start":{"line":85,"column":60},"end":{"line":85,"column":65}}],"line":85},"11":{"loc":{"start":{"line":104,"column":8},"end":{"line":106,"column":9}},"type":"if","locations":[{"start":{"line":104,"column":8},"end":{"line":106,"column":9}},{"start":{},"end":{}}],"line":104},"12":{"loc":{"start":{"line":112,"column":8},"end":{"line":114,"column":9}},"type":"if","locations":[{"start":{"line":112,"column":8},"end":{"line":114,"column":9}},{"start":{},"end":{}}],"line":112},"13":{"loc":{"start":{"line":117,"column":8},"end":{"line":120,"column":9}},"type":"if","locations":[{"start":{"line":117,"column":8},"end":{"line":120,"column":9}},{"start":{},"end":{}}],"line":117},"14":{"loc":{"start":{"line":123,"column":8},"end":{"line":127,"column":9}},"type":"if","locations":[{"start":{"line":123,"column":8},"end":{"line":127,"column":9}},{"start":{},"end":{}}],"line":123},"15":{"loc":{"start":{"line":123,"column":11},"end":{"line":123,"column":82}},"type":"binary-expr","locations":[{"start":{"line":123,"column":11},"end":{"line":123,"column":24}},{"start":{"line":123,"column":29},"end":{"line":123,"column":81}}],"line":123},"16":{"loc":{"start":{"line":144,"column":8},"end":{"line":146,"column":9}},"type":"if","locations":[{"start":{"line":144,"column":8},"end":{"line":146,"column":9}},{"start":{},"end":{}}],"line":144},"17":{"loc":{"start":{"line":172,"column":8},"end":{"line":174,"column":9}},"type":"if","locations":[{"start":{"line":172,"column":8},"end":{"line":174,"column":9}},{"start":{},"end":{}}],"line":172},"18":{"loc":{"start":{"line":215,"column":8},"end":{"line":217,"column":9}},"type":"if","locations":[{"start":{"line":215,"column":8},"end":{"line":217,"column":9}},{"start":{},"end":{}}],"line":215},"19":{"loc":{"start":{"line":223,"column":8},"end":{"line":225,"column":9}},"type":"if","locations":[{"start":{"line":223,"column":8},"end":{"line":225,"column":9}},{"start":{},"end":{}}],"line":223},"20":{"loc":{"start":{"line":228,"column":8},"end":{"line":231,"column":9}},"type":"if","locations":[{"start":{"line":228,"column":8},"end":{"line":231,"column":9}},{"start":{},"end":{}}],"line":228},"21":{"loc":{"start":{"line":234,"column":8},"end":{"line":242,"column":9}},"type":"if","locations":[{"start":{"line":234,"column":8},"end":{"line":242,"column":9}},{"start":{},"end":{}}],"line":234},"22":{"loc":{"start":{"line":234,"column":11},"end":{"line":234,"column":145}},"type":"binary-expr","locations":[{"start":{"line":234,"column":11},"end":{"line":234,"column":31}},{"start":{"line":234,"column":35},"end":{"line":234,"column":76}},{"start":{"line":234,"column":81},"end":{"line":234,"column":144}}],"line":234},"23":{"loc":{"start":{"line":258,"column":22},"end":{"line":258,"column":72}},"type":"cond-expr","locations":[{"start":{"line":258,"column":58},"end":{"line":258,"column":64}},{"start":{"line":258,"column":67},"end":{"line":258,"column":72}}],"line":258},"24":{"loc":{"start":{"line":270,"column":8},"end":{"line":273,"column":9}},"type":"if","locations":[{"start":{"line":270,"column":8},"end":{"line":273,"column":9}},{"start":{},"end":{}}],"line":270}},"s":{"0":1,"1":1,"2":1,"3":1,"4":1,"5":1,"6":1,"7":1,"8":1,"9":6,"10":6,"11":5,"12":1,"13":4,"14":4,"15":4,"16":3,"17":1,"18":3,"19":1,"20":1,"21":1,"22":4,"23":4,"24":4,"25":4,"26":4,"27":4,"28":1,"29":1,"30":1,"31":4,"32":4,"33":3,"34":1,"35":1,"36":1,"37":1,"38":2,"39":2,"40":1,"41":1,"42":1,"43":6,"44":6,"45":5,"46":1,"47":4,"48":4,"49":1,"50":3,"51":1,"52":1,"53":2,"54":1,"55":1,"56":1,"57":1,"58":1,"59":1,"60":1,"61":4,"62":4,"63":3,"64":1,"65":2,"66":2,"67":2,"68":2,"69":2,"70":2,"71":2,"72":1,"73":1,"74":1,"75":4,"76":4,"77":3,"78":1,"79":2,"80":2,"81":2,"82":2,"83":2,"84":2,"85":2,"86":1,"87":1,"88":1,"89":6,"90":6,"91":5,"92":1,"93":4,"94":4,"95":1,"96":3,"97":1,"98":1,"99":2,"100":1,"101":1,"102":1,"103":1,"104":1,"105":1,"106":1,"107":2,"108":2,"109":1,"110":1,"111":1,"112":1,"113":3,"114":3,"115":2,"116":1,"117":1,"118":1,"119":1},"f":{"0":6,"1":4,"2":6,"3":4,"4":4,"5":6,"6":2,"7":3},"b":{"0":[1,4],"1":[3,1],"2":[4,4],"3":[1,2],"4":[1,2],"5":[0,4],"6":[0,4],"7":[1,2],"8":[3,2],"9":[0,1],"10":[0,1],"11":[1,4],"12":[1,3],"13":[1,2],"14":[1,1],"15":[2,2],"16":[1,2],"17":[1,2],"18":[1,4],"19":[1,3],"20":[1,2],"21":[1,1],"22":[2,2,2],"23":[0,2],"24":[2,1]},"_coverageSchema":"1a1c01bbd47fc00a2c39e90264f33305004495a9","hash":"d81410c157dda663ec8230df33ea34342217dc9e"}
,"C:\\Users\\jtadaka\\capstoneproject\\shopping-cart-rbac\\backend\\controllers\\Product.js": {"path":"C:\\Users\\jtadaka\\capstoneproject\\shopping-cart-rbac\\backend\\controllers\\Product.js","statementMap":{"0":{"start":{"line":1,"column":38},"end":{"line":1,"column":57}},"1":{"start":{"line":2,"column":14},"end":{"line":2,"column":42}},"2":{"start":{"line":4,"column":0},"end":{"line":19,"column":1}},"3":{"start":{"line":5,"column":4},"end":{"line":18,"column":5}},"4":{"start":{"line":7,"column":28},"end":{"line":10,"column":9}},"5":{"start":{"line":12,"column":22},"end":{"line":12,"column":46}},"6":{"start":{"line":13,"column":8},"end":{"line":13,"column":28}},"7":{"start":{"line":14,"column":8},"end":{"line":14,"column":37}},"8":{"start":{"line":16,"column":8},"end":{"line":16,"column":27}},"9":{"start":{"line":17,"column":8},"end":{"line":17,"column":96}},"10":{"start":{"line":21,"column":0},"end":{"line":73,"column":2}},"11":{"start":{"line":22,"column":4},"end":{"line":72,"column":5}},"12":{"start":{"line":23,"column":21},"end":{"line":23,"column":23}},"13":{"start":{"line":24,"column":19},"end":{"line":24,"column":21}},"14":{"start":{"line":25,"column":17},"end":{"line":25,"column":18}},"15":{"start":{"line":26,"column":18},"end":{"line":26,"column":19}},"16":{"start":{"line":28,"column":8},"end":{"line":30,"column":9}},"17":{"start":{"line":29,"column":12},"end":{"line":29,"column":46}},"18":{"start":{"line":32,"column":8},"end":{"line":34,"column":9}},"19":{"start":{"line":33,"column":12},"end":{"line":33,"column":52}},"20":{"start":{"line":36,"column":8},"end":{"line":38,"column":9}},"21":{"start":{"line":37,"column":12},"end":{"line":37,"column":37}},"22":{"start":{"line":41,"column":8},"end":{"line":43,"column":9}},"23":{"start":{"line":42,"column":12},"end":{"line":42,"column":44}},"24":{"start":{"line":46,"column":8},"end":{"line":48,"column":9}},"25":{"start":{"line":47,"column":12},"end":{"line":47,"column":40}},"26":{"start":{"line":50,"column":8},"end":{"line":52,"column":9}},"27":{"start":{"line":51,"column":12},"end":{"line":51,"column":79}},"28":{"start":{"line":54,"column":8},"end":{"line":60,"column":9}},"29":{"start":{"line":55,"column":27},"end":{"line":55,"column":42}},"30":{"start":{"line":56,"column":23},"end":{"line":56,"column":37}},"31":{"start":{"line":58,"column":12},"end":{"line":58,"column":34}},"32":{"start":{"line":59,"column":12},"end":{"line":59,"column":26}},"33":{"start":{"line":62,"column":24},"end":{"line":62,"column":103}},"34":{"start":{"line":63,"column":22},"end":{"line":63,"column":141}},"35":{"start":{"line":65,"column":8},"end":{"line":65,"column":42}},"36":{"start":{"line":67,"column":8},"end":{"line":67,"column":37}},"37":{"start":{"line":70,"column":8},"end":{"line":70,"column":27}},"38":{"start":{"line":71,"column":8},"end":{"line":71,"column":89}},"39":{"start":{"line":75,"column":0},"end":{"line":90,"column":1}},"40":{"start":{"line":76,"column":4},"end":{"line":89,"column":5}},"41":{"start":{"line":77,"column":19},"end":{"line":77,"column":29}},"42":{"start":{"line":78,"column":21},"end":{"line":78,"column":119}},"43":{"start":{"line":81,"column":8},"end":{"line":83,"column":9}},"44":{"start":{"line":82,"column":12},"end":{"line":82,"column":71}},"45":{"start":{"line":85,"column":8},"end":{"line":85,"column":36}},"46":{"start":{"line":87,"column":8},"end":{"line":87,"column":27}},"47":{"start":{"line":88,"column":8},"end":{"line":88,"column":95}},"48":{"start":{"line":92,"column":0},"end":{"line":114,"column":1}},"49":{"start":{"line":93,"column":4},"end":{"line":113,"column":5}},"50":{"start":{"line":94,"column":19},"end":{"line":94,"column":29}},"51":{"start":{"line":97,"column":8},"end":{"line":106,"column":9}},"52":{"start":{"line":98,"column":28},"end":{"line":98,"column":54}},"53":{"start":{"line":99,"column":12},"end":{"line":101,"column":13}},"54":{"start":{"line":100,"column":16},"end":{"line":100,"column":75}},"55":{"start":{"line":103,"column":12},"end":{"line":105,"column":13}},"56":{"start":{"line":104,"column":16},"end":{"line":104,"column":95}},"57":{"start":{"line":108,"column":22},"end":{"line":108,"column":77}},"58":{"start":{"line":109,"column":8},"end":{"line":109,"column":37}},"59":{"start":{"line":111,"column":8},"end":{"line":111,"column":27}},"60":{"start":{"line":112,"column":8},"end":{"line":112,"column":88}},"61":{"start":{"line":116,"column":0},"end":{"line":138,"column":1}},"62":{"start":{"line":117,"column":4},"end":{"line":137,"column":5}},"63":{"start":{"line":118,"column":19},"end":{"line":118,"column":29}},"64":{"start":{"line":121,"column":8},"end":{"line":130,"column":9}},"65":{"start":{"line":122,"column":28},"end":{"line":122,"column":54}},"66":{"start":{"line":123,"column":12},"end":{"line":125,"column":13}},"67":{"start":{"line":124,"column":16},"end":{"line":124,"column":75}},"68":{"start":{"line":127,"column":12},"end":{"line":129,"column":13}},"69":{"start":{"line":128,"column":16},"end":{"line":128,"column":96}},"70":{"start":{"line":132,"column":24},"end":{"line":132,"column":106}},"71":{"start":{"line":133,"column":8},"end":{"line":133,"column":39}},"72":{"start":{"line":135,"column":8},"end":{"line":135,"column":27}},"73":{"start":{"line":136,"column":8},"end":{"line":136,"column":89}},"74":{"start":{"line":140,"column":0},"end":{"line":162,"column":1}},"75":{"start":{"line":141,"column":4},"end":{"line":161,"column":5}},"76":{"start":{"line":142,"column":19},"end":{"line":142,"column":29}},"77":{"start":{"line":145,"column":8},"end":{"line":154,"column":9}},"78":{"start":{"line":146,"column":28},"end":{"line":146,"column":54}},"79":{"start":{"line":147,"column":12},"end":{"line":149,"column":13}},"80":{"start":{"line":148,"column":16},"end":{"line":148,"column":75}},"81":{"start":{"line":151,"column":12},"end":{"line":153,"column":13}},"82":{"start":{"line":152,"column":16},"end":{"line":152,"column":95}},"83":{"start":{"line":156,"column":22},"end":{"line":156,"column":103}},"84":{"start":{"line":157,"column":8},"end":{"line":157,"column":37}},"85":{"start":{"line":159,"column":8},"end":{"line":159,"column":27}},"86":{"start":{"line":160,"column":8},"end":{"line":160,"column":88}},"87":{"start":{"line":164,"column":0},"end":{"line":178,"column":1}},"88":{"start":{"line":165,"column":4},"end":{"line":177,"column":5}},"89":{"start":{"line":166,"column":8},"end":{"line":168,"column":9}},"90":{"start":{"line":167,"column":12},"end":{"line":167,"column":73}},"91":{"start":{"line":170,"column":23},"end":{"line":170,"column":47}},"92":{"start":{"line":171,"column":25},"end":{"line":171,"column":90}},"93":{"start":{"line":173,"column":8},"end":{"line":173,"column":38}},"94":{"start":{"line":175,"column":8},"end":{"line":175,"column":27}},"95":{"start":{"line":176,"column":8},"end":{"line":176,"column":73}}},"fnMap":{"0":{"name":"(anonymous_0)","decl":{"start":{"line":4,"column":15},"end":{"line":4,"column":16}},"loc":{"start":{"line":4,"column":31},"end":{"line":19,"column":1}},"line":4},"1":{"name":"(anonymous_1)","decl":{"start":{"line":21,"column":17},"end":{"line":21,"column":18}},"loc":{"start":{"line":21,"column":37},"end":{"line":73,"column":1}},"line":21},"2":{"name":"(anonymous_2)","decl":{"start":{"line":75,"column":16},"end":{"line":75,"column":17}},"loc":{"start":{"line":75,"column":32},"end":{"line":90,"column":1}},"line":75},"3":{"name":"(anonymous_3)","decl":{"start":{"line":92,"column":19},"end":{"line":92,"column":20}},"loc":{"start":{"line":92,"column":35},"end":{"line":114,"column":1}},"line":92},"4":{"name":"(anonymous_4)","decl":{"start":{"line":116,"column":21},"end":{"line":116,"column":22}},"loc":{"start":{"line":116,"column":37},"end":{"line":138,"column":1}},"line":116},"5":{"name":"(anonymous_5)","decl":{"start":{"line":140,"column":19},"end":{"line":140,"column":20}},"loc":{"start":{"line":140,"column":35},"end":{"line":162,"column":1}},"line":140},"6":{"name":"(anonymous_6)","decl":{"start":{"line":164,"column":28},"end":{"line":164,"column":29}},"loc":{"start":{"line":164,"column":48},"end":{"line":178,"column":1}},"line":164}},"branchMap":{"0":{"loc":{"start":{"line":28,"column":8},"end":{"line":30,"column":9}},"type":"if","locations":[{"start":{"line":28,"column":8},"end":{"line":30,"column":9}},{"start":{},"end":{}}],"line":28},"1":{"loc":{"start":{"line":32,"column":8},"end":{"line":34,"column":9}},"type":"if","locations":[{"start":{"line":32,"column":8},"end":{"line":34,"column":9}},{"start":{},"end":{}}],"line":32},"2":{"loc":{"start":{"line":36,"column":8},"end":{"line":38,"column":9}},"type":"if","locations":[{"start":{"line":36,"column":8},"end":{"line":38,"column":9}},{"start":{},"end":{}}],"line":36},"3":{"loc":{"start":{"line":41,"column":8},"end":{"line":43,"column":9}},"type":"if","locations":[{"start":{"line":41,"column":8},"end":{"line":43,"column":9}},{"start":{},"end":{}}],"line":41},"4":{"loc":{"start":{"line":46,"column":8},"end":{"line":48,"column":9}},"type":"if","locations":[{"start":{"line":46,"column":8},"end":{"line":48,"column":9}},{"start":{},"end":{}}],"line":46},"5":{"loc":{"start":{"line":46,"column":11},"end":{"line":46,"column":73}},"type":"binary-expr","locations":[{"start":{"line":46,"column":11},"end":{"line":46,"column":19}},{"start":{"line":46,"column":23},"end":{"line":46,"column":49}},{"start":{"line":46,"column":53},"end":{"line":46,"column":73}}],"line":46},"6":{"loc":{"start":{"line":50,"column":8},"end":{"line":52,"column":9}},"type":"if","locations":[{"start":{"line":50,"column":8},"end":{"line":52,"column":9}},{"start":{},"end":{}}],"line":50},"7":{"loc":{"start":{"line":51,"column":33},"end":{"line":51,"column":79}},"type":"cond-expr","locations":[{"start":{"line":51,"column":49},"end":{"line":51,"column":77}},{"start":{"line":51,"column":78},"end":{"line":51,"column":79}}],"line":51},"8":{"loc":{"start":{"line":51,"column":49},"end":{"line":51,"column":77}},"type":"cond-expr","locations":[{"start":{"line":51,"column":73},"end":{"line":51,"column":74}},{"start":{"line":51,"column":75},"end":{"line":51,"column":77}}],"line":51},"9":{"loc":{"start":{"line":54,"column":8},"end":{"line":60,"column":9}},"type":"if","locations":[{"start":{"line":54,"column":8},"end":{"line":60,"column":9}},{"start":{},"end":{}}],"line":54},"10":{"loc":{"start":{"line":54,"column":11},"end":{"line":54,"column":44}},"type":"binary-expr","locations":[{"start":{"line":54,"column":11},"end":{"line":54,"column":25}},{"start":{"line":54,"column":29},"end":{"line":54,"column":44}}],"line":54},"11":{"loc":{"start":{"line":81,"column":8},"end":{"line":83,"column":9}},"type":"if","locations":[{"start":{"line":81,"column":8},"end":{"line":83,"column":9}},{"start":{},"end":{}}],"line":81},"12":{"loc":{"start":{"line":97,"column":8},"end":{"line":106,"column":9}},"type":"if","locations":[{"start":{"line":97,"column":8},"end":{"line":106,"column":9}},{"start":{},"end":{}}],"line":97},"13":{"loc":{"start":{"line":99,"column":12},"end":{"line":101,"column":13}},"type":"if","locations":[{"start":{"line":99,"column":12},"end":{"line":101,"column":13}},{"start":{},"end":{}}],"line":99},"14":{"loc":{"start":{"line":103,"column":12},"end":{"line":105,"column":13}},"type":"if","locations":[{"start":{"line":103,"column":12},"end":{"line":105,"column":13}},{"start":{},"end":{}}],"line":103},"15":{"loc":{"start":{"line":121,"column":8},"end":{"line":130,"column":9}},"type":"if","locations":[{"start":{"line":121,"column":8},"end":{"line":130,"column":9}},{"start":{},"end":{}}],"line":121},"16":{"loc":{"start":{"line":123,"column":12},"end":{"line":125,"column":13}},"type":"if","locations":[{"start":{"line":123,"column":12},"end":{"line":125,"column":13}},{"start":{},"end":{}}],"line":123},"17":{"loc":{"start":{"line":127,"column":12},"end":{"line":129,"column":13}},"type":"if","locations":[{"start":{"line":127,"column":12},"end":{"line":129,"column":13}},{"start":{},"end":{}}],"line":127},"18":{"loc":{"start":{"line":145,"column":8},"end":{"line":154,"column":9}},"type":"if","locations":[{"start":{"line":145,"column":8},"end":{"line":154,"column":9}},{"start":{},"end":{}}],"line":145},"19":{"loc":{"start":{"line":147,"column":12},"end":{"line":149,"column":13}},"type":"if","locations":[{"start":{"line":147,"column":12},"end":{"line":149,"column":13}},{"start":{},"end":{}}],"line":147},"20":{"loc":{"start":{"line":151,"column":12},"end":{"line":153,"column":13}},"type":"if","locations":[{"start":{"line":151,"column":12},"end":{"line":153,"column":13}},{"start":{},"end":{}}],"line":151},"21":{"loc":{"start":{"line":166,"column":8},"end":{"line":168,"column":9}},"type":"if","locations":[{"start":{"line":166,"column":8},"end":{"line":168,"column":9}},{"start":{},"end":{}}],"line":166},"22":{"loc":{"start":{"line":166,"column":11},"end":{"line":166,"column":50}},"type":"binary-expr","locations":[{"start":{"line":166,"column":11},"end":{"line":166,"column":20}},{"start":{"line":166,"column":24},"end":{"line":166,"column":50}}],"line":166}},"s":{"0":1,"1":1,"2":1,"3":2,"4":2,"5":2,"6":2,"7":1,"8":1,"9":1,"10":1,"11":10,"12":10,"13":10,"14":10,"15":10,"16":10,"17":1,"18":10,"19":1,"20":10,"21":1,"22":10,"23":1,"24":10,"25":0,"26":10,"27":2,"28":10,"29":2,"30":2,"31":2,"32":2,"33":10,"34":9,"35":9,"36":9,"37":1,"38":1,"39":1,"40":3,"41":3,"42":3,"43":2,"44":1,"45":1,"46":1,"47":1,"48":1,"49":5,"50":5,"51":5,"52":4,"53":3,"54":1,"55":2,"56":1,"57":2,"58":2,"59":1,"60":1,"61":1,"62":5,"63":5,"64":5,"65":4,"66":3,"67":1,"68":2,"69":1,"70":2,"71":2,"72":1,"73":1,"74":1,"75":5,"76":5,"77":5,"78":4,"79":3,"80":1,"81":2,"82":1,"83":2,"84":2,"85":1,"86":1,"87":1,"88":3,"89":3,"90":1,"91":2,"92":2,"93":1,"94":1,"95":1},"f":{"0":2,"1":10,"2":3,"3":5,"4":5,"5":5,"6":3},"b":{"0":[1,9],"1":[1,9],"2":[1,9],"3":[1,9],"4":[0,10],"5":[10,0,0],"6":[2,8],"7":[2,0],"8":[1,1],"9":[2,8],"10":[10,2],"11":[1,1],"12":[4,1],"13":[1,2],"14":[1,1],"15":[4,1],"16":[1,2],"17":[1,1],"18":[4,1],"19":[1,2],"20":[1,1],"21":[1,2],"22":[3,3]},"_coverageSchema":"1a1c01bbd47fc00a2c39e90264f33305004495a9","hash":"71cf38354dc7c0d1cbd46e179b39f99feb111d24"}
,"C:\\Users\\jtadaka\\capstoneproject\\shopping-cart-rbac\\backend\\controllers\\User.js": {"path":"C:\\Users\\jtadaka\\capstoneproject\\shopping-cart-rbac\\backend\\controllers\\User.js","statementMap":{"0":{"start":{"line":1,"column":11},"end":{"line":1,"column":36}},"1":{"start":{"line":3,"column":0},"end":{"line":14,"column":1}},"2":{"start":{"line":4,"column":4},"end":{"line":13,"column":5}},"3":{"start":{"line":5,"column":19},"end":{"line":5,"column":29}},"4":{"start":{"line":6,"column":21},"end":{"line":6,"column":57}},"5":{"start":{"line":7,"column":8},"end":{"line":7,"column":30}},"6":{"start":{"line":8,"column":8},"end":{"line":8,"column":36}},"7":{"start":{"line":11,"column":8},"end":{"line":11,"column":27}},"8":{"start":{"line":12,"column":8},"end":{"line":12,"column":92}},"9":{"start":{"line":16,"column":0},"end":{"line":35,"column":1}},"10":{"start":{"line":17,"column":4},"end":{"line":34,"column":5}},"11":{"start":{"line":18,"column":19},"end":{"line":18,"column":29}},"12":{"start":{"line":21,"column":8},"end":{"line":25,"column":9}},"13":{"start":{"line":22,"column":12},"end":{"line":22,"column":33}},"14":{"start":{"line":23,"column":12},"end":{"line":23,"column":36}},"15":{"start":{"line":24,"column":12},"end":{"line":24,"column":39}},"16":{"start":{"line":27,"column":22},"end":{"line":27,"column":87}},"17":{"start":{"line":28,"column":8},"end":{"line":28,"column":31}},"18":{"start":{"line":29,"column":8},"end":{"line":29,"column":37}},"19":{"start":{"line":32,"column":8},"end":{"line":32,"column":27}},"20":{"start":{"line":33,"column":8},"end":{"line":33,"column":92}},"21":{"start":{"line":38,"column":0},"end":{"line":52,"column":1}},"22":{"start":{"line":39,"column":4},"end":{"line":51,"column":5}},"23":{"start":{"line":41,"column":8},"end":{"line":43,"column":9}},"24":{"start":{"line":42,"column":12},"end":{"line":42,"column":74}},"25":{"start":{"line":45,"column":24},"end":{"line":45,"column":77}},"26":{"start":{"line":46,"column":8},"end":{"line":46,"column":38}},"27":{"start":{"line":49,"column":8},"end":{"line":49,"column":27}},"28":{"start":{"line":50,"column":8},"end":{"line":50,"column":66}},"29":{"start":{"line":55,"column":0},"end":{"line":91,"column":1}},"30":{"start":{"line":56,"column":4},"end":{"line":90,"column":5}},"31":{"start":{"line":58,"column":8},"end":{"line":60,"column":9}},"32":{"start":{"line":59,"column":12},"end":{"line":59,"column":74}},"33":{"start":{"line":62,"column":21},"end":{"line":62,"column":31}},"34":{"start":{"line":63,"column":29},"end":{"line":63,"column":37}},"35":{"start":{"line":65,"column":8},"end":{"line":67,"column":9}},"36":{"start":{"line":66,"column":12},"end":{"line":66,"column":89}},"37":{"start":{"line":69,"column":23},"end":{"line":69,"column":46}},"38":{"start":{"line":71,"column":8},"end":{"line":73,"column":9}},"39":{"start":{"line":72,"column":12},"end":{"line":72,"column":71}},"40":{"start":{"line":75,"column":8},"end":{"line":77,"column":9}},"41":{"start":{"line":76,"column":12},"end":{"line":76,"column":75}},"42":{"start":{"line":79,"column":24},"end":{"line":83,"column":29}},"43":{"start":{"line":85,"column":8},"end":{"line":85,"column":38}},"44":{"start":{"line":88,"column":8},"end":{"line":88,"column":27}},"45":{"start":{"line":89,"column":8},"end":{"line":89,"column":72}}},"fnMap":{"0":{"name":"(anonymous_0)","decl":{"start":{"line":3,"column":16},"end":{"line":3,"column":17}},"loc":{"start":{"line":3,"column":32},"end":{"line":14,"column":1}},"line":3},"1":{"name":"(anonymous_1)","decl":{"start":{"line":16,"column":19},"end":{"line":16,"column":20}},"loc":{"start":{"line":16,"column":35},"end":{"line":35,"column":1}},"line":16},"2":{"name":"(anonymous_2)","decl":{"start":{"line":38,"column":24},"end":{"line":38,"column":25}},"loc":{"start":{"line":38,"column":43},"end":{"line":52,"column":1}},"line":38},"3":{"name":"(anonymous_3)","decl":{"start":{"line":55,"column":24},"end":{"line":55,"column":25}},"loc":{"start":{"line":55,"column":43},"end":{"line":91,"column":1}},"line":55}},"branchMap":{"0":{"loc":{"start":{"line":21,"column":8},"end":{"line":25,"column":9}},"type":"if","locations":[{"start":{"line":21,"column":8},"end":{"line":25,"column":9}},{"start":{},"end":{}}],"line":21},"1":{"loc":{"start":{"line":21,"column":12},"end":{"line":21,"column":68}},"type":"binary-expr","locations":[{"start":{"line":21,"column":12},"end":{"line":21,"column":25}},{"start":{"line":21,"column":29},"end":{"line":21,"column":45}},{"start":{"line":21,"column":49},"end":{"line":21,"column":68}}],"line":21},"2":{"loc":{"start":{"line":41,"column":8},"end":{"line":43,"column":9}},"type":"if","locations":[{"start":{"line":41,"column":8},"end":{"line":43,"column":9}},{"start":{},"end":{}}],"line":41},"3":{"loc":{"start":{"line":41,"column":12},"end":{"line":41,"column":58}},"type":"binary-expr","locations":[{"start":{"line":41,"column":12},"end":{"line":41,"column":29}},{"start":{"line":41,"column":33},"end":{"line":41,"column":58}}],"line":41},"4":{"loc":{"start":{"line":58,"column":8},"end":{"line":60,"column":9}},"type":"if","locations":[{"start":{"line":58,"column":8},"end":{"line":60,"column":9}},{"start":{},"end":{}}],"line":58},"5":{"loc":{"start":{"line":58,"column":12},"end":{"line":58,"column":58}},"type":"binary-expr","locations":[{"start":{"line":58,"column":12},"end":{"line":58,"column":29}},{"start":{"line":58,"column":33},"end":{"line":58,"column":58}}],"line":58},"6":{"loc":{"start":{"line":65,"column":8},"end":{"line":67,"column":9}},"type":"if","locations":[{"start":{"line":65,"column":8},"end":{"line":67,"column":9}},{"start":{},"end":{}}],"line":65},"7":{"loc":{"start":{"line":71,"column":8},"end":{"line":73,"column":9}},"type":"if","locations":[{"start":{"line":71,"column":8},"end":{"line":73,"column":9}},{"start":{},"end":{}}],"line":71},"8":{"loc":{"start":{"line":75,"column":8},"end":{"line":77,"column":9}},"type":"if","locations":[{"start":{"line":75,"column":8},"end":{"line":77,"column":9}},{"start":{},"end":{}}],"line":75}},"s":{"0":1,"1":1,"2":3,"3":3,"4":3,"5":1,"6":1,"7":2,"8":2,"9":1,"10":4,"11":4,"12":4,"13":1,"14":1,"15":1,"16":4,"17":2,"18":2,"19":2,"20":2,"21":1,"22":3,"23":3,"24":1,"25":2,"26":1,"27":1,"28":1,"29":1,"30":7,"31":7,"32":1,"33":6,"34":6,"35":6,"36":1,"37":5,"38":4,"39":1,"40":3,"41":1,"42":2,"43":2,"44":1,"45":1},"f":{"0":3,"1":4,"2":3,"3":7},"b":{"0":[1,3],"1":[4,3,3],"2":[1,2],"3":[3,1],"4":[1,6],"5":[7,1],"6":[1,5],"7":[1,3],"8":[1,2]},"_coverageSchema":"1a1c01bbd47fc00a2c39e90264f33305004495a9","hash":"dfa126a266519e855313dd5a924491fb825629f4"}
,"C:\\Users\\jtadaka\\capstoneproject\\shopping-cart-rbac\\backend\\middleware\\RoleAuth.js": {"path":"C:\\Users\\jtadaka\\capstoneproject\\shopping-cart-rbac\\backend\\middleware\\RoleAuth.js","statementMap":{"0":{"start":{"line":2,"column":0},"end":{"line":16,"column":2}},"1":{"start":{"line":3,"column":4},"end":{"line":15,"column":6}},"2":{"start":{"line":4,"column":8},"end":{"line":6,"column":9}},"3":{"start":{"line":5,"column":12},"end":{"line":5,"column":75}},"4":{"start":{"line":8,"column":8},"end":{"line":12,"column":9}},"5":{"start":{"line":9,"column":12},"end":{"line":11,"column":15}},"6":{"start":{"line":14,"column":8},"end":{"line":14,"column":15}},"7":{"start":{"line":19,"column":0},"end":{"line":31,"column":2}},"8":{"start":{"line":20,"column":4},"end":{"line":22,"column":5}},"9":{"start":{"line":21,"column":8},"end":{"line":21,"column":71}},"10":{"start":{"line":24,"column":4},"end":{"line":28,"column":5}},"11":{"start":{"line":25,"column":8},"end":{"line":27,"column":11}},"12":{"start":{"line":30,"column":4},"end":{"line":30,"column":11}},"13":{"start":{"line":34,"column":0},"end":{"line":59,"column":2}},"14":{"start":{"line":35,"column":4},"end":{"line":58,"column":5}},"15":{"start":{"line":36,"column":24},"end":{"line":36,"column":52}},"16":{"start":{"line":37,"column":26},"end":{"line":37,"column":39}},"17":{"start":{"line":39,"column":8},"end":{"line":41,"column":9}},"18":{"start":{"line":40,"column":12},"end":{"line":40,"column":79}},"19":{"start":{"line":43,"column":24},"end":{"line":43,"column":57}},"20":{"start":{"line":45,"column":8},"end":{"line":47,"column":9}},"21":{"start":{"line":46,"column":12},"end":{"line":46,"column":74}},"22":{"start":{"line":50,"column":8},"end":{"line":52,"column":9}},"23":{"start":{"line":51,"column":12},"end":{"line":51,"column":118}},"24":{"start":{"line":54,"column":8},"end":{"line":54,"column":15}},"25":{"start":{"line":56,"column":8},"end":{"line":56,"column":27}},"26":{"start":{"line":57,"column":8},"end":{"line":57,"column":78}}},"fnMap":{"0":{"name":"(anonymous_0)","decl":{"start":{"line":2,"column":25},"end":{"line":2,"column":26}},"loc":{"start":{"line":2,"column":39},"end":{"line":16,"column":1}},"line":2},"1":{"name":"(anonymous_1)","decl":{"start":{"line":3,"column":11},"end":{"line":3,"column":12}},"loc":{"start":{"line":3,"column":31},"end":{"line":15,"column":5}},"line":3},"2":{"name":"(anonymous_2)","decl":{"start":{"line":19,"column":27},"end":{"line":19,"column":28}},"loc":{"start":{"line":19,"column":47},"end":{"line":31,"column":1}},"line":19},"3":{"name":"(anonymous_3)","decl":{"start":{"line":34,"column":25},"end":{"line":34,"column":26}},"loc":{"start":{"line":34,"column":51},"end":{"line":59,"column":1}},"line":34}},"branchMap":{"0":{"loc":{"start":{"line":4,"column":8},"end":{"line":6,"column":9}},"type":"if","locations":[{"start":{"line":4,"column":8},"end":{"line":6,"column":9}},{"start":{},"end":{}}],"line":4},"1":{"loc":{"start":{"line":8,"column":8},"end":{"line":12,"column":9}},"type":"if","locations":[{"start":{"line":8,"column":8},"end":{"line":12,"column":9}},{"start":{},"end":{}}],"line":8},"2":{"loc":{"start":{"line":20,"column":4},"end":{"line":22,"column":5}},"type":"if","locations":[{"start":{"line":20,"column":4},"end":{"line":22,"column":5}},{"start":{},"end":{}}],"line":20},"3":{"loc":{"start":{"line":24,"column":4},"end":{"line":28,"column":5}},"type":"if","locations":[{"start":{"line":24,"column":4},"end":{"line":28,"column":5}},{"start":{},"end":{}}],"line":24},"4":{"loc":{"start":{"line":24,"column":8},"end":{"line":24,"column":58}},"type":"binary-expr","locations":[{"start":{"line":24,"column":8},"end":{"line":24,"column":34}},{"start":{"line":24,"column":38},"end":{"line":24,"column":58}}],"line":24},"5":{"loc":{"start":{"line":39,"column":8},"end":{"line":41,"column":9}},"type":"if","locations":[{"start":{"line":39,"column":8},"end":{"line":41,"column":9}},{"start":{},"end":{}}],"line":39},"6":{"loc":{"start":{"line":45,"column":8},"end":{"line":47,"column":9}},"type":"if","locations":[{"start":{"line":45,"column":8},"end":{"line":47,"column":9}},{"start":{},"end":{}}],"line":45},"7":{"loc":{"start":{"line":50,"column":8},"end":{"line":52,"column":9}},"type":"if","locations":[{"start":{"line":50,"column":8},"end":{"line":52,"column":9}},{"start":{},"end":{}}],"line":50},"8":{"loc":{"start":{"line":50,"column":12},"end":{"line":50,"column":113}},"type":"binary-expr","locations":[{"start":{"line":50,"column":12},"end":{"line":50,"column":38}},{"start":{"line":50,"column":42},"end":{"line":50,"column":56}},{"start":{"line":50,"column":60},"end":{"line":50,"column":113}}],"line":50}},"s":{"0":1,"1":3,"2":3,"3":1,"4":2,"5":1,"6":1,"7":1,"8":4,"9":1,"10":3,"11":1,"12":2,"13":1,"14":4,"15":4,"16":4,"17":4,"18":0,"19":4,"20":4,"21":1,"22":3,"23":1,"24":2,"25":0,"26":0},"f":{"0":3,"1":3,"2":4,"3":4},"b":{"0":[1,2],"1":[1,1],"2":[1,3],"3":[1,2],"4":[3,2],"5":[0,4],"6":[1,3],"7":[1,2],"8":[3,2,2]},"_coverageSchema":"1a1c01bbd47fc00a2c39e90264f33305004495a9","hash":"66002bc124125e2649273d79501df94b6625ac20"}
,"C:\\Users\\jtadaka\\capstoneproject\\shopping-cart-rbac\\backend\\models\\Brand.js": {"path":"C:\\Users\\jtadaka\\capstoneproject\\shopping-cart-rbac\\backend\\models\\Brand.js","statementMap":{"0":{"start":{"line":1,"column":15},"end":{"line":1,"column":34}},"1":{"start":{"line":2,"column":15},"end":{"line":2,"column":23}},"2":{"start":{"line":5,"column":18},"end":{"line":10,"column":2}},"3":{"start":{"line":12,"column":0},"end":{"line":12,"column":50}}},"fnMap":{},"branchMap":{},"s":{"0":3,"1":3,"2":3,"3":3},"f":{},"b":{},"_coverageSchema":"1a1c01bbd47fc00a2c39e90264f33305004495a9","hash":"3c93fbc5727d97cdceb00f0c6fc5621d8325badc"}
,"C:\\Users\\jtadaka\\capstoneproject\\shopping-cart-rbac\\backend\\models\\Category.js": {"path":"C:\\Users\\jtadaka\\capstoneproject\\shopping-cart-rbac\\backend\\models\\Category.js","statementMap":{"0":{"start":{"line":1,"column":15},"end":{"line":1,"column":34}},"1":{"start":{"line":2,"column":15},"end":{"line":2,"column":23}},"2":{"start":{"line":5,"column":21},"end":{"line":10,"column":2}},"3":{"start":{"line":12,"column":0},"end":{"line":12,"column":56}}},"fnMap":{},"branchMap":{},"s":{"0":3,"1":3,"2":3,"3":3},"f":{},"b":{},"_coverageSchema":"1a1c01bbd47fc00a2c39e90264f33305004495a9","hash":"6d2007f7c96d64abcd3682019fe5e3d87bb7a378"}
,"C:\\Users\\jtadaka\\capstoneproject\\shopping-cart-rbac\\backend\\models\\OTP.js": {"path":"C:\\Users\\jtadaka\\capstoneproject\\shopping-cart-rbac\\backend\\models\\OTP.js","statementMap":{"0":{"start":{"line":1,"column":15},"end":{"line":1,"column":34}},"1":{"start":{"line":2,"column":15},"end":{"line":2,"column":23}},"2":{"start":{"line":4,"column":16},"end":{"line":18,"column":2}},"3":{"start":{"line":22,"column":0},"end":{"line":22,"column":46}}},"fnMap":{},"branchMap":{},"s":{"0":1,"1":1,"2":1,"3":1},"f":{},"b":{},"_coverageSchema":"1a1c01bbd47fc00a2c39e90264f33305004495a9","hash":"46ddffb773b5bb752f4257a9e470f24188fd55a5"}
,"C:\\Users\\jtadaka\\capstoneproject\\shopping-cart-rbac\\backend\\models\\PasswordResetToken.js": {"path":"C:\\Users\\jtadaka\\capstoneproject\\shopping-cart-rbac\\backend\\models\\PasswordResetToken.js","statementMap":{"0":{"start":{"line":1,"column":15},"end":{"line":1,"column":34}},"1":{"start":{"line":2,"column":15},"end":{"line":2,"column":23}},"2":{"start":{"line":4,"column":31},"end":{"line":18,"column":2}},"3":{"start":{"line":22,"column":0},"end":{"line":22,"column":76}}},"fnMap":{},"branchMap":{},"s":{"0":1,"1":1,"2":1,"3":1},"f":{},"b":{},"_coverageSchema":"1a1c01bbd47fc00a2c39e90264f33305004495a9","hash":"c96779748a1c8c9c67961d78489e329273e246b0"}
,"C:\\Users\\jtadaka\\capstoneproject\\shopping-cart-rbac\\backend\\models\\Product.js": {"path":"C:\\Users\\jtadaka\\capstoneproject\\shopping-cart-rbac\\backend\\models\\Product.js","statementMap":{"0":{"start":{"line":1,"column":15},"end":{"line":1,"column":34}},"1":{"start":{"line":2,"column":15},"end":{"line":2,"column":23}},"2":{"start":{"line":4,"column":21},"end":{"line":52,"column":37}},"3":{"start":{"line":54,"column":0},"end":{"line":54,"column":54}}},"fnMap":{},"branchMap":{},"s":{"0":3,"1":3,"2":3,"3":3},"f":{},"b":{},"_coverageSchema":"1a1c01bbd47fc00a2c39e90264f33305004495a9","hash":"c62a80bf85b57da76064c08dd5036aa9874a85f3"}
,"C:\\Users\\jtadaka\\capstoneproject\\shopping-cart-rbac\\backend\\models\\User.js": {"path":"C:\\Users\\jtadaka\\capstoneproject\\shopping-cart-rbac\\backend\\models\\User.js","statementMap":{"0":{"start":{"line":1,"column":15},"end":{"line":1,"column":34}},"1":{"start":{"line":2,"column":15},"end":{"line":2,"column":23}},"2":{"start":{"line":4,"column":17},"end":{"line":37,"column":2}},"3":{"start":{"line":30,"column":12},"end":{"line":30,"column":68}},"4":{"start":{"line":39,"column":0},"end":{"line":39,"column":48}}},"fnMap":{"0":{"name":"(anonymous_0)","decl":{"start":{"line":29,"column":16},"end":{"line":29,"column":17}},"loc":{"start":{"line":29,"column":27},"end":{"line":31,"column":9}},"line":29}},"branchMap":{"0":{"loc":{"start":{"line":30,"column":19},"end":{"line":30,"column":67}},"type":"binary-expr","locations":[{"start":{"line":30,"column":19},"end":{"line":30,"column":43}},{"start":{"line":30,"column":47},"end":{"line":30,"column":67}}],"line":30}},"s":{"0":6,"1":6,"2":6,"3":37,"4":6},"f":{"0":37},"b":{"0":[37,2]},"_coverageSchema":"1a1c01bbd47fc00a2c39e90264f33305004495a9","hash":"740e1574dd7e465719db63d72b96d475648fa586"}
,"C:\\Users\\jtadaka\\capstoneproject\\shopping-cart-rbac\\backend\\tests\\utils\\test-utils.js": {"path":"C:\\Users\\jtadaka\\capstoneproject\\shopping-cart-rbac\\backend\\tests\\utils\\test-utils.js","statementMap":{"0":{"start":{"line":1,"column":12},"end":{"line":1,"column":35}},"1":{"start":{"line":2,"column":13},"end":{"line":2,"column":41}},"2":{"start":{"line":3,"column":15},"end":{"line":3,"column":34}},"3":{"start":{"line":10,"column":23},"end":{"line":35,"column":1}},"4":{"start":{"line":11,"column":22},"end":{"line":18,"column":3}},"5":{"start":{"line":20,"column":21},"end":{"line":20,"column":52}},"6":{"start":{"line":23,"column":2},"end":{"line":25,"column":3}},"7":{"start":{"line":24,"column":4},"end":{"line":24,"column":34}},"8":{"start":{"line":28,"column":2},"end":{"line":30,"column":3}},"9":{"start":{"line":29,"column":4},"end":{"line":29,"column":30}},"10":{"start":{"line":32,"column":15},"end":{"line":32,"column":35}},"11":{"start":{"line":33,"column":2},"end":{"line":33,"column":20}},"12":{"start":{"line":34,"column":2},"end":{"line":34,"column":14}},"13":{"start":{"line":42,"column":26},"end":{"line":56,"column":1}},"14":{"start":{"line":43,"column":18},"end":{"line":51,"column":3}},"15":{"start":{"line":53,"column":2},"end":{"line":55,"column":5}},"16":{"start":{"line":64,"column":26},"end":{"line":118,"column":1}},"17":{"start":{"line":65,"column":18},"end":{"line":65,"column":49}},"18":{"start":{"line":66,"column":19},"end":{"line":66,"column":51}},"19":{"start":{"line":67,"column":16},"end":{"line":67,"column":45}},"20":{"start":{"line":70,"column":17},"end":{"line":70,"column":37}},"21":{"start":{"line":71,"column":2},"end":{"line":76,"column":3}},"22":{"start":{"line":72,"column":21},"end":{"line":72,"column":53}},"23":{"start":{"line":73,"column":25},"end":{"line":73,"column":64}},"24":{"start":{"line":74,"column":4},"end":{"line":74,"column":30}},"25":{"start":{"line":75,"column":4},"end":{"line":75,"column":32}},"26":{"start":{"line":79,"column":14},"end":{"line":79,"column":31}},"27":{"start":{"line":80,"column":2},"end":{"line":85,"column":3}},"28":{"start":{"line":81,"column":18},"end":{"line":81,"column":47}},"29":{"start":{"line":82,"column":22},"end":{"line":82,"column":55}},"30":{"start":{"line":83,"column":4},"end":{"line":83,"column":27}},"31":{"start":{"line":84,"column":4},"end":{"line":84,"column":26}},"32":{"start":{"line":88,"column":17},"end":{"line":88,"column":35}},"33":{"start":{"line":89,"column":2},"end":{"line":99,"column":3}},"34":{"start":{"line":90,"column":4},"end":{"line":98,"column":5}},"35":{"start":{"line":91,"column":6},"end":{"line":91,"column":28}},"36":{"start":{"line":93,"column":25},"end":{"line":96,"column":8}},"37":{"start":{"line":97,"column":6},"end":{"line":97,"column":32}},"38":{"start":{"line":101,"column":22},"end":{"line":112,"column":3}},"39":{"start":{"line":114,"column":21},"end":{"line":114,"column":55}},"40":{"start":{"line":115,"column":18},"end":{"line":115,"column":41}},"41":{"start":{"line":116,"column":2},"end":{"line":116,"column":23}},"42":{"start":{"line":117,"column":2},"end":{"line":117,"column":17}},"43":{"start":{"line":120,"column":0},"end":{"line":124,"column":2}}},"fnMap":{"0":{"name":"(anonymous_0)","decl":{"start":{"line":10,"column":23},"end":{"line":10,"column":24}},"loc":{"start":{"line":10,"column":48},"end":{"line":35,"column":1}},"line":10},"1":{"name":"(anonymous_1)","decl":{"start":{"line":42,"column":26},"end":{"line":42,"column":27}},"loc":{"start":{"line":42,"column":36},"end":{"line":56,"column":1}},"line":42},"2":{"name":"(anonymous_2)","decl":{"start":{"line":64,"column":26},"end":{"line":64,"column":27}},"loc":{"start":{"line":64,"column":62},"end":{"line":118,"column":1}},"line":64}},"branchMap":{"0":{"loc":{"start":{"line":10,"column":30},"end":{"line":10,"column":43}},"type":"default-arg","locations":[{"start":{"line":10,"column":41},"end":{"line":10,"column":43}}],"line":10},"1":{"loc":{"start":{"line":23,"column":2},"end":{"line":25,"column":3}},"type":"if","locations":[{"start":{"line":23,"column":2},"end":{"line":25,"column":3}},{"start":{},"end":{}}],"line":23},"2":{"loc":{"start":{"line":23,"column":6},"end":{"line":23,"column":71}},"type":"binary-expr","locations":[{"start":{"line":23,"column":6},"end":{"line":23,"column":34}},{"start":{"line":23,"column":38},"end":{"line":23,"column":71}}],"line":23},"3":{"loc":{"start":{"line":28,"column":2},"end":{"line":30,"column":3}},"type":"if","locations":[{"start":{"line":28,"column":2},"end":{"line":30,"column":3}},{"start":{},"end":{}}],"line":28},"4":{"loc":{"start":{"line":53,"column":27},"end":{"line":53,"column":70}},"type":"binary-expr","locations":[{"start":{"line":53,"column":27},"end":{"line":53,"column":49}},{"start":{"line":53,"column":53},"end":{"line":53,"column":70}}],"line":53},"5":{"loc":{"start":{"line":64,"column":33},"end":{"line":64,"column":49}},"type":"default-arg","locations":[{"start":{"line":64,"column":47},"end":{"line":64,"column":49}}],"line":64},"6":{"loc":{"start":{"line":71,"column":2},"end":{"line":76,"column":3}},"type":"if","locations":[{"start":{"line":71,"column":2},"end":{"line":76,"column":3}},{"start":{},"end":{}}],"line":71},"7":{"loc":{"start":{"line":80,"column":2},"end":{"line":85,"column":3}},"type":"if","locations":[{"start":{"line":80,"column":2},"end":{"line":85,"column":3}},{"start":{},"end":{}}],"line":80},"8":{"loc":{"start":{"line":89,"column":2},"end":{"line":99,"column":3}},"type":"if","locations":[{"start":{"line":89,"column":2},"end":{"line":99,"column":3}},{"start":{},"end":{}}],"line":89},"9":{"loc":{"start":{"line":90,"column":4},"end":{"line":98,"column":5}},"type":"if","locations":[{"start":{"line":90,"column":4},"end":{"line":98,"column":5}},{"start":{"line":92,"column":11},"end":{"line":98,"column":5}}],"line":90}},"s":{"0":4,"1":4,"2":4,"3":4,"4":173,"5":173,"6":173,"7":1,"8":173,"9":52,"10":173,"11":173,"12":173,"13":4,"14":0,"15":0,"16":4,"17":58,"18":58,"19":58,"20":58,"21":58,"22":57,"23":57,"24":57,"25":57,"26":58,"27":58,"28":57,"29":57,"30":57,"31":57,"32":58,"33":58,"34":58,"35":58,"36":0,"37":0,"38":58,"39":58,"40":58,"41":58,"42":58,"43":4},"f":{"0":173,"1":0,"2":58},"b":{"0":[0],"1":[1,172],"2":[173,69],"3":[52,121],"4":[0,0],"5":[0],"6":[57,1],"7":[57,1],"8":[58,0],"9":[58,0]},"_coverageSchema":"1a1c01bbd47fc00a2c39e90264f33305004495a9","hash":"806393b355261cf34b34bb33faf34a9e0093fcac"}
,"C:\\Users\\jtadaka\\capstoneproject\\shopping-cart-rbac\\backend\\utils\\SanitizeUser.js": {"path":"C:\\Users\\jtadaka\\capstoneproject\\shopping-cart-rbac\\backend\\utils\\SanitizeUser.js","statementMap":{"0":{"start":{"line":1,"column":0},"end":{"line":11,"column":1}},"1":{"start":{"line":2,"column":4},"end":{"line":10,"column":5}}},"fnMap":{"0":{"name":"(anonymous_0)","decl":{"start":{"line":1,"column":21},"end":{"line":1,"column":22}},"loc":{"start":{"line":1,"column":29},"end":{"line":11,"column":1}},"line":1}},"branchMap":{"0":{"loc":{"start":{"line":8,"column":14},"end":{"line":8,"column":37}},"type":"binary-expr","locations":[{"start":{"line":8,"column":14},"end":{"line":8,"column":23}},{"start":{"line":8,"column":27},"end":{"line":8,"column":37}}],"line":8},"1":{"loc":{"start":{"line":9,"column":20},"end":{"line":9,"column":74}},"type":"cond-expr","locations":[{"start":{"line":9,"column":52},"end":{"line":9,"column":67}},{"start":{"line":9,"column":70},"end":{"line":9,"column":74}}],"line":9}},"s":{"0":1,"1":14},"f":{"0":14},"b":{"0":[14,0],"1":[14,0]},"_coverageSchema":"1a1c01bbd47fc00a2c39e90264f33305004495a9","hash":"62265f5d2db130152626712bb6f686e5f1be8355"}
}
