TN:
SF:controllers\Auth.js
FN:10,(anonymous_0)
FN:66,(anonymous_1)
FN:98,(anonymous_2)
FN:139,(anonymous_3)
FN:165,(anonymous_4)
FN:208,(anonymous_5)
FN:252,(anonymous_6)
FN:268,(anonymous_7)
FNF:8
FNH:8
FNDA:6,(anonymous_0)
FNDA:4,(anonymous_1)
FNDA:6,(anonymous_2)
FNDA:4,(anonymous_3)
FNDA:4,(anonymous_4)
FNDA:6,(anonymous_5)
FNDA:2,(anonymous_6)
FNDA:3,(anonymous_7)
DA:1,1
DA:2,1
DA:3,1
DA:4,1
DA:5,1
DA:6,1
DA:7,1
DA:8,1
DA:10,1
DA:11,6
DA:12,6
DA:15,5
DA:16,1
DA:20,4
DA:21,4
DA:24,4
DA:26,3
DA:27,1
DA:31,3
DA:32,1
DA:36,1
DA:37,1
DA:41,4
DA:42,4
DA:45,4
DA:48,4
DA:51,4
DA:58,4
DA:61,1
DA:62,1
DA:66,1
DA:67,4
DA:69,4
DA:72,3
DA:75,1
DA:78,1
DA:81,1
DA:87,1
DA:90,2
DA:91,2
DA:93,1
DA:94,1
DA:98,1
DA:99,6
DA:101,6
DA:104,5
DA:105,1
DA:109,4
DA:112,4
DA:113,1
DA:117,3
DA:118,1
DA:119,1
DA:123,2
DA:124,1
DA:125,1
DA:126,1
DA:130,1
DA:134,1
DA:135,1
DA:139,1
DA:140,4
DA:142,4
DA:144,3
DA:145,1
DA:148,2
DA:150,2
DA:151,2
DA:153,2
DA:154,2
DA:156,2
DA:158,2
DA:160,1
DA:161,1
DA:165,1
DA:167,4
DA:169,4
DA:172,3
DA:173,1
DA:176,2
DA:179,2
DA:182,2
DA:185,2
DA:186,2
DA:189,2
DA:200,2
DA:203,1
DA:204,1
DA:208,1
DA:209,6
DA:212,6
DA:215,5
DA:216,1
DA:220,4
DA:223,4
DA:224,1
DA:228,3
DA:229,1
DA:230,1
DA:234,2
DA:237,1
DA:240,1
DA:241,1
DA:244,1
DA:247,1
DA:248,1
DA:252,1
DA:253,2
DA:255,2
DA:261,1
DA:263,1
DA:264,1
DA:268,1
DA:269,3
DA:270,3
DA:271,2
DA:272,1
DA:274,1
DA:276,1
DA:277,1
LF:120
LH:120
BRDA:15,0,0,1
BRDA:15,0,1,4
BRDA:24,1,0,3
BRDA:24,1,1,1
BRDA:24,2,0,4
BRDA:24,2,1,4
BRDA:26,3,0,1
BRDA:26,3,1,2
BRDA:31,4,0,1
BRDA:31,4,1,2
BRDA:52,5,0,0
BRDA:52,5,1,4
BRDA:55,6,0,0
BRDA:55,6,1,4
BRDA:72,7,0,1
BRDA:72,7,1,2
BRDA:72,8,0,3
BRDA:72,8,1,2
BRDA:82,9,0,0
BRDA:82,9,1,1
BRDA:85,10,0,0
BRDA:85,10,1,1
BRDA:104,11,0,1
BRDA:104,11,1,4
BRDA:112,12,0,1
BRDA:112,12,1,3
BRDA:117,13,0,1
BRDA:117,13,1,2
BRDA:123,14,0,1
BRDA:123,14,1,1
BRDA:123,15,0,2
BRDA:123,15,1,2
BRDA:144,16,0,1
BRDA:144,16,1,2
BRDA:172,17,0,1
BRDA:172,17,1,2
BRDA:215,18,0,1
BRDA:215,18,1,4
BRDA:223,19,0,1
BRDA:223,19,1,3
BRDA:228,20,0,1
BRDA:228,20,1,2
BRDA:234,21,0,1
BRDA:234,21,1,1
BRDA:234,22,0,2
BRDA:234,22,1,2
BRDA:234,22,2,2
BRDA:258,23,0,0
BRDA:258,23,1,2
BRDA:270,24,0,2
BRDA:270,24,1,1
BRF:51
BRH:46
end_of_record
TN:
SF:controllers\Product.js
FN:4,(anonymous_0)
FN:21,(anonymous_1)
FN:75,(anonymous_2)
FN:92,(anonymous_3)
FN:116,(anonymous_4)
FN:140,(anonymous_5)
FN:164,(anonymous_6)
FNF:7
FNH:7
FNDA:2,(anonymous_0)
FNDA:10,(anonymous_1)
FNDA:3,(anonymous_2)
FNDA:5,(anonymous_3)
FNDA:5,(anonymous_4)
FNDA:5,(anonymous_5)
FNDA:3,(anonymous_6)
DA:1,1
DA:2,1
DA:4,1
DA:5,2
DA:7,2
DA:12,2
DA:13,2
DA:14,1
DA:16,1
DA:17,1
DA:21,1
DA:22,10
DA:23,10
DA:24,10
DA:25,10
DA:26,10
DA:28,10
DA:29,1
DA:32,10
DA:33,1
DA:36,10
DA:37,1
DA:41,10
DA:42,1
DA:46,10
DA:47,0
DA:50,10
DA:51,2
DA:54,10
DA:55,2
DA:56,2
DA:58,2
DA:59,2
DA:62,10
DA:63,9
DA:65,9
DA:67,9
DA:70,1
DA:71,1
DA:75,1
DA:76,3
DA:77,3
DA:78,3
DA:81,2
DA:82,1
DA:85,1
DA:87,1
DA:88,1
DA:92,1
DA:93,5
DA:94,5
DA:97,5
DA:98,4
DA:99,3
DA:100,1
DA:103,2
DA:104,1
DA:108,2
DA:109,2
DA:111,1
DA:112,1
DA:116,1
DA:117,5
DA:118,5
DA:121,5
DA:122,4
DA:123,3
DA:124,1
DA:127,2
DA:128,1
DA:132,2
DA:133,2
DA:135,1
DA:136,1
DA:140,1
DA:141,5
DA:142,5
DA:145,5
DA:146,4
DA:147,3
DA:148,1
DA:151,2
DA:152,1
DA:156,2
DA:157,2
DA:159,1
DA:160,1
DA:164,1
DA:165,3
DA:166,3
DA:167,1
DA:170,2
DA:171,2
DA:173,1
DA:175,1
DA:176,1
LF:96
LH:95
BRDA:28,0,0,1
BRDA:28,0,1,9
BRDA:32,1,0,1
BRDA:32,1,1,9
BRDA:36,2,0,1
BRDA:36,2,1,9
BRDA:41,3,0,1
BRDA:41,3,1,9
BRDA:46,4,0,0
BRDA:46,4,1,10
BRDA:46,5,0,10
BRDA:46,5,1,0
BRDA:46,5,2,0
BRDA:50,6,0,2
BRDA:50,6,1,8
BRDA:51,7,0,2
BRDA:51,7,1,0
BRDA:51,8,0,1
BRDA:51,8,1,1
BRDA:54,9,0,2
BRDA:54,9,1,8
BRDA:54,10,0,10
BRDA:54,10,1,2
BRDA:81,11,0,1
BRDA:81,11,1,1
BRDA:97,12,0,4
BRDA:97,12,1,1
BRDA:99,13,0,1
BRDA:99,13,1,2
BRDA:103,14,0,1
BRDA:103,14,1,1
BRDA:121,15,0,4
BRDA:121,15,1,1
BRDA:123,16,0,1
BRDA:123,16,1,2
BRDA:127,17,0,1
BRDA:127,17,1,1
BRDA:145,18,0,4
BRDA:145,18,1,1
BRDA:147,19,0,1
BRDA:147,19,1,2
BRDA:151,20,0,1
BRDA:151,20,1,1
BRDA:166,21,0,1
BRDA:166,21,1,2
BRDA:166,22,0,3
BRDA:166,22,1,3
BRF:47
BRH:43
end_of_record
TN:
SF:controllers\User.js
FN:3,(anonymous_0)
FN:16,(anonymous_1)
FN:38,(anonymous_2)
FN:55,(anonymous_3)
FNF:4
FNH:4
FNDA:3,(anonymous_0)
FNDA:4,(anonymous_1)
FNDA:3,(anonymous_2)
FNDA:7,(anonymous_3)
DA:1,1
DA:3,1
DA:4,3
DA:5,3
DA:6,3
DA:7,1
DA:8,1
DA:11,2
DA:12,2
DA:16,1
DA:17,4
DA:18,4
DA:21,4
DA:22,1
DA:23,1
DA:24,1
DA:27,4
DA:28,2
DA:29,2
DA:32,2
DA:33,2
DA:38,1
DA:39,3
DA:41,3
DA:42,1
DA:45,2
DA:46,1
DA:49,1
DA:50,1
DA:55,1
DA:56,7
DA:58,7
DA:59,1
DA:62,6
DA:63,6
DA:65,6
DA:66,1
DA:69,5
DA:71,4
DA:72,1
DA:75,3
DA:76,1
DA:79,2
DA:85,2
DA:88,1
DA:89,1
LF:46
LH:46
BRDA:21,0,0,1
BRDA:21,0,1,3
BRDA:21,1,0,4
BRDA:21,1,1,3
BRDA:21,1,2,3
BRDA:41,2,0,1
BRDA:41,2,1,2
BRDA:41,3,0,3
BRDA:41,3,1,1
BRDA:58,4,0,1
BRDA:58,4,1,6
BRDA:58,5,0,7
BRDA:58,5,1,1
BRDA:65,6,0,1
BRDA:65,6,1,5
BRDA:71,7,0,1
BRDA:71,7,1,3
BRDA:75,8,0,1
BRDA:75,8,1,2
BRF:19
BRH:19
end_of_record
TN:
SF:middleware\RoleAuth.js
FN:2,(anonymous_0)
FN:3,(anonymous_1)
FN:19,(anonymous_2)
FN:34,(anonymous_3)
FNF:4
FNH:4
FNDA:3,(anonymous_0)
FNDA:3,(anonymous_1)
FNDA:4,(anonymous_2)
FNDA:4,(anonymous_3)
DA:2,1
DA:3,3
DA:4,3
DA:5,1
DA:8,2
DA:9,1
DA:14,1
DA:19,1
DA:20,4
DA:21,1
DA:24,3
DA:25,1
DA:30,2
DA:34,1
DA:35,4
DA:36,4
DA:37,4
DA:39,4
DA:40,0
DA:43,4
DA:45,4
DA:46,1
DA:50,3
DA:51,1
DA:54,2
DA:56,0
DA:57,0
LF:27
LH:24
BRDA:4,0,0,1
BRDA:4,0,1,2
BRDA:8,1,0,1
BRDA:8,1,1,1
BRDA:20,2,0,1
BRDA:20,2,1,3
BRDA:24,3,0,1
BRDA:24,3,1,2
BRDA:24,4,0,3
BRDA:24,4,1,2
BRDA:39,5,0,0
BRDA:39,5,1,4
BRDA:45,6,0,1
BRDA:45,6,1,3
BRDA:50,7,0,1
BRDA:50,7,1,2
BRDA:50,8,0,3
BRDA:50,8,1,2
BRDA:50,8,2,2
BRF:19
BRH:18
end_of_record
TN:
SF:models\Brand.js
FNF:0
FNH:0
DA:1,3
DA:2,3
DA:5,3
DA:12,3
LF:4
LH:4
BRF:0
BRH:0
end_of_record
TN:
SF:models\Category.js
FNF:0
FNH:0
DA:1,3
DA:2,3
DA:5,3
DA:12,3
LF:4
LH:4
BRF:0
BRH:0
end_of_record
TN:
SF:models\OTP.js
FNF:0
FNH:0
DA:1,1
DA:2,1
DA:4,1
DA:22,1
LF:4
LH:4
BRF:0
BRH:0
end_of_record
TN:
SF:models\PasswordResetToken.js
FNF:0
FNH:0
DA:1,1
DA:2,1
DA:4,1
DA:22,1
LF:4
LH:4
BRF:0
BRH:0
end_of_record
TN:
SF:models\Product.js
FNF:0
FNH:0
DA:1,3
DA:2,3
DA:4,3
DA:54,3
LF:4
LH:4
BRF:0
BRH:0
end_of_record
TN:
SF:models\User.js
FN:29,(anonymous_0)
FNF:1
FNH:1
FNDA:37,(anonymous_0)
DA:1,6
DA:2,6
DA:4,6
DA:30,37
DA:39,6
LF:5
LH:5
BRF:0
BRH:0
end_of_record
TN:
SF:tests\utils\test-utils.js
FN:10,(anonymous_0)
FN:42,(anonymous_1)
FN:64,(anonymous_2)
FNF:3
FNH:2
FNDA:173,(anonymous_0)
FNDA:0,(anonymous_1)
FNDA:58,(anonymous_2)
DA:1,4
DA:2,4
DA:3,4
DA:10,4
DA:11,173
DA:20,173
DA:23,173
DA:24,1
DA:28,173
DA:29,52
DA:32,173
DA:33,173
DA:34,173
DA:42,4
DA:43,0
DA:53,0
DA:64,4
DA:65,58
DA:66,58
DA:67,58
DA:70,58
DA:71,58
DA:72,57
DA:73,57
DA:74,57
DA:75,57
DA:79,58
DA:80,58
DA:81,57
DA:82,57
DA:83,57
DA:84,57
DA:88,58
DA:89,58
DA:90,58
DA:91,58
DA:93,0
DA:97,0
DA:101,58
DA:114,58
DA:115,58
DA:116,58
DA:117,58
DA:120,4
LF:44
LH:40
BRDA:10,0,0,0
BRDA:23,1,0,1
BRDA:23,1,1,172
BRDA:23,2,0,173
BRDA:23,2,1,69
BRDA:28,3,0,52
BRDA:28,3,1,121
BRDA:53,4,0,0
BRDA:53,4,1,0
BRDA:64,5,0,0
BRDA:71,6,0,57
BRDA:71,6,1,1
BRDA:80,7,0,57
BRDA:80,7,1,1
BRDA:89,8,0,58
BRDA:89,8,1,0
BRDA:90,9,0,58
BRDA:90,9,1,0
BRF:18
BRH:12
end_of_record
TN:
SF:utils\SanitizeUser.js
FN:1,(anonymous_0)
FNF:1
FNH:1
FNDA:14,(anonymous_0)
DA:1,1
DA:2,14
LF:2
LH:2
BRDA:8,0,0,14
BRDA:8,0,1,0
BRDA:9,1,0,14
BRDA:9,1,1,0
BRF:4
BRH:2
end_of_record
